{"/home/satyam/Documents/my-projects/code/Order/config/config.js": {"path":"/home/satyam/Documents/my-projects/code/Order/config/config.js","statementMap":{"0":{"start":{"line":2,"column":0},"end":{"line":2,"column":27}},"1":{"start":{"line":4,"column":0},"end":{"line":26,"column":2}}},"fnMap":{},"branchMap":{},"s":{"0":5,"1":5},"f":{},"b":{},"_coverageSchema":"1a1c01bbd47fc00a2c39e90264f33305004495a9","hash":"673383ea79858a0e55f415add0cbd47c3db23495"}
,"/home/satyam/Documents/my-projects/code/Order/models/DeliveredOrders.js": {"path":"/home/satyam/Documents/my-projects/code/Order/models/DeliveredOrders.js","statementMap":{"0":{"start":{"line":4,"column":4},"end":{"line":4,"column":24}},"1":{"start":{"line":5,"column":0},"end":{"line":45,"column":2}},"2":{"start":{"line":14,"column":12},"end":{"line":14,"column":76}},"3":{"start":{"line":17,"column":4},"end":{"line":43,"column":11}},"4":{"start":{"line":44,"column":4},"end":{"line":44,"column":27}}},"fnMap":{"0":{"name":"(anonymous_0)","decl":{"start":{"line":5,"column":17},"end":{"line":5,"column":18}},"loc":{"start":{"line":5,"column":43},"end":{"line":45,"column":1}},"line":5},"1":{"name":"(anonymous_1)","decl":{"start":{"line":12,"column":8},"end":{"line":12,"column":9}},"loc":{"start":{"line":12,"column":33},"end":{"line":15,"column":9}},"line":12}},"branchMap":{},"s":{"0":5,"1":5,"2":5,"3":5,"4":5},"f":{"0":5,"1":5},"b":{},"_coverageSchema":"1a1c01bbd47fc00a2c39e90264f33305004495a9","hash":"aa723cab51ec1454a8200b9bb617a65b1a756008"}
,"/home/satyam/Documents/my-projects/code/Order/models/OrderDetails.js": {"path":"/home/satyam/Documents/my-projects/code/Order/models/OrderDetails.js","statementMap":{"0":{"start":{"line":4,"column":4},"end":{"line":4,"column":24}},"1":{"start":{"line":5,"column":0},"end":{"line":71,"column":2}},"2":{"start":{"line":16,"column":2},"end":{"line":69,"column":7}},"3":{"start":{"line":70,"column":2},"end":{"line":70,"column":22}}},"fnMap":{"0":{"name":"(anonymous_0)","decl":{"start":{"line":5,"column":17},"end":{"line":5,"column":18}},"loc":{"start":{"line":5,"column":43},"end":{"line":71,"column":1}},"line":5},"1":{"name":"(anonymous_1)","decl":{"start":{"line":12,"column":4},"end":{"line":12,"column":5}},"loc":{"start":{"line":12,"column":29},"end":{"line":14,"column":5}},"line":12}},"branchMap":{},"s":{"0":5,"1":5,"2":5,"3":5},"f":{"0":5,"1":5},"b":{},"_coverageSchema":"1a1c01bbd47fc00a2c39e90264f33305004495a9","hash":"64c1f2ff1a7a56788f3ff1b4fa1e5fbe06ddc749"}
,"/home/satyam/Documents/my-projects/code/Order/models/OrderParticulars.js": {"path":"/home/satyam/Documents/my-projects/code/Order/models/OrderParticulars.js","statementMap":{"0":{"start":{"line":2,"column":18},"end":{"line":2,"column":37}},"1":{"start":{"line":5,"column":4},"end":{"line":5,"column":24}},"2":{"start":{"line":6,"column":0},"end":{"line":62,"column":2}},"3":{"start":{"line":15,"column":12},"end":{"line":15,"column":103}},"4":{"start":{"line":16,"column":12},"end":{"line":16,"column":117}},"5":{"start":{"line":20,"column":4},"end":{"line":60,"column":11}},"6":{"start":{"line":61,"column":4},"end":{"line":61,"column":28}}},"fnMap":{"0":{"name":"(anonymous_0)","decl":{"start":{"line":6,"column":17},"end":{"line":6,"column":18}},"loc":{"start":{"line":6,"column":43},"end":{"line":62,"column":1}},"line":6},"1":{"name":"(anonymous_1)","decl":{"start":{"line":13,"column":8},"end":{"line":13,"column":9}},"loc":{"start":{"line":13,"column":33},"end":{"line":18,"column":9}},"line":13}},"branchMap":{},"s":{"0":5,"1":5,"2":5,"3":5,"4":5,"5":5,"6":5},"f":{"0":5,"1":5},"b":{},"_coverageSchema":"1a1c01bbd47fc00a2c39e90264f33305004495a9","hash":"49b5a73dbd0be27bf36bd548105e43e3e49fa2f5"}
,"/home/satyam/Documents/my-projects/code/Order/models/OrderQuanity.js": {"path":"/home/satyam/Documents/my-projects/code/Order/models/OrderQuanity.js","statementMap":{"0":{"start":{"line":2,"column":18},"end":{"line":2,"column":37}},"1":{"start":{"line":5,"column":4},"end":{"line":5,"column":24}},"2":{"start":{"line":6,"column":0},"end":{"line":59,"column":2}},"3":{"start":{"line":15,"column":12},"end":{"line":15,"column":112}},"4":{"start":{"line":19,"column":4},"end":{"line":57,"column":11}},"5":{"start":{"line":58,"column":4},"end":{"line":58,"column":27}}},"fnMap":{"0":{"name":"(anonymous_0)","decl":{"start":{"line":6,"column":17},"end":{"line":6,"column":18}},"loc":{"start":{"line":6,"column":43},"end":{"line":59,"column":1}},"line":6},"1":{"name":"(anonymous_1)","decl":{"start":{"line":13,"column":8},"end":{"line":13,"column":9}},"loc":{"start":{"line":13,"column":33},"end":{"line":17,"column":9}},"line":13}},"branchMap":{},"s":{"0":5,"1":5,"2":5,"3":5,"4":5,"5":5},"f":{"0":5,"1":5},"b":{},"_coverageSchema":"1a1c01bbd47fc00a2c39e90264f33305004495a9","hash":"ee5ca3d508e2f732d13014b986e49fcf57e2ee04"}
,"/home/satyam/Documents/my-projects/code/Order/models/OrderServiceDetails.js": {"path":"/home/satyam/Documents/my-projects/code/Order/models/OrderServiceDetails.js","statementMap":{"0":{"start":{"line":4,"column":4},"end":{"line":4,"column":24}},"1":{"start":{"line":5,"column":0},"end":{"line":71,"column":2}},"2":{"start":{"line":14,"column":12},"end":{"line":14,"column":84}},"3":{"start":{"line":15,"column":12},"end":{"line":15,"column":93}},"4":{"start":{"line":16,"column":12},"end":{"line":16,"column":96}},"5":{"start":{"line":19,"column":4},"end":{"line":69,"column":11}},"6":{"start":{"line":70,"column":4},"end":{"line":70,"column":31}}},"fnMap":{"0":{"name":"(anonymous_0)","decl":{"start":{"line":5,"column":17},"end":{"line":5,"column":18}},"loc":{"start":{"line":5,"column":43},"end":{"line":71,"column":1}},"line":5},"1":{"name":"(anonymous_1)","decl":{"start":{"line":12,"column":8},"end":{"line":12,"column":9}},"loc":{"start":{"line":12,"column":33},"end":{"line":17,"column":9}},"line":12}},"branchMap":{},"s":{"0":5,"1":5,"2":5,"3":5,"4":5,"5":5,"6":5},"f":{"0":5,"1":5},"b":{},"_coverageSchema":"1a1c01bbd47fc00a2c39e90264f33305004495a9","hash":"a9d69914985fec2bde3772ade0caa39d58f63895"}
,"/home/satyam/Documents/my-projects/code/Order/models/OrderServices.js": {"path":"/home/satyam/Documents/my-projects/code/Order/models/OrderServices.js","statementMap":{"0":{"start":{"line":4,"column":4},"end":{"line":4,"column":24}},"1":{"start":{"line":5,"column":0},"end":{"line":82,"column":2}},"2":{"start":{"line":14,"column":12},"end":{"line":14,"column":75}},"3":{"start":{"line":15,"column":12},"end":{"line":15,"column":106}},"4":{"start":{"line":16,"column":12},"end":{"line":16,"column":101}},"5":{"start":{"line":17,"column":12},"end":{"line":17,"column":104}},"6":{"start":{"line":21,"column":4},"end":{"line":80,"column":11}},"7":{"start":{"line":81,"column":4},"end":{"line":81,"column":25}}},"fnMap":{"0":{"name":"(anonymous_0)","decl":{"start":{"line":5,"column":17},"end":{"line":5,"column":18}},"loc":{"start":{"line":5,"column":43},"end":{"line":82,"column":1}},"line":5},"1":{"name":"(anonymous_1)","decl":{"start":{"line":12,"column":8},"end":{"line":12,"column":9}},"loc":{"start":{"line":12,"column":33},"end":{"line":19,"column":9}},"line":12}},"branchMap":{},"s":{"0":5,"1":5,"2":5,"3":5,"4":5,"5":5,"6":5,"7":5},"f":{"0":5,"1":5},"b":{},"_coverageSchema":"1a1c01bbd47fc00a2c39e90264f33305004495a9","hash":"ad54d811fd87d08e2eea3b5e022c62e95fe50fa3"}
,"/home/satyam/Documents/my-projects/code/Order/models/OrderShipment.js": {"path":"/home/satyam/Documents/my-projects/code/Order/models/OrderShipment.js","statementMap":{"0":{"start":{"line":4,"column":4},"end":{"line":4,"column":24}},"1":{"start":{"line":5,"column":0},"end":{"line":62,"column":2}},"2":{"start":{"line":16,"column":2},"end":{"line":60,"column":7}},"3":{"start":{"line":61,"column":2},"end":{"line":61,"column":23}}},"fnMap":{"0":{"name":"(anonymous_0)","decl":{"start":{"line":5,"column":17},"end":{"line":5,"column":18}},"loc":{"start":{"line":5,"column":43},"end":{"line":62,"column":1}},"line":5},"1":{"name":"(anonymous_1)","decl":{"start":{"line":12,"column":4},"end":{"line":12,"column":5}},"loc":{"start":{"line":12,"column":29},"end":{"line":14,"column":5}},"line":12}},"branchMap":{},"s":{"0":5,"1":5,"2":5,"3":5},"f":{"0":5,"1":5},"b":{},"_coverageSchema":"1a1c01bbd47fc00a2c39e90264f33305004495a9","hash":"662e4b9d6236f364376da04cf771c6c3915f62d8"}
,"/home/satyam/Documents/my-projects/code/Order/models/OrderUpdates.js": {"path":"/home/satyam/Documents/my-projects/code/Order/models/OrderUpdates.js","statementMap":{"0":{"start":{"line":4,"column":4},"end":{"line":4,"column":24}},"1":{"start":{"line":5,"column":0},"end":{"line":42,"column":2}},"2":{"start":{"line":16,"column":4},"end":{"line":40,"column":11}},"3":{"start":{"line":41,"column":4},"end":{"line":41,"column":24}}},"fnMap":{"0":{"name":"(anonymous_0)","decl":{"start":{"line":5,"column":17},"end":{"line":5,"column":18}},"loc":{"start":{"line":5,"column":43},"end":{"line":42,"column":1}},"line":5},"1":{"name":"(anonymous_1)","decl":{"start":{"line":12,"column":8},"end":{"line":12,"column":9}},"loc":{"start":{"line":12,"column":33},"end":{"line":14,"column":9}},"line":12}},"branchMap":{},"s":{"0":5,"1":5,"2":5,"3":5},"f":{"0":5,"1":5},"b":{},"_coverageSchema":"1a1c01bbd47fc00a2c39e90264f33305004495a9","hash":"023735ac9a4383823975f2fd1755dcdd35904f00"}
,"/home/satyam/Documents/my-projects/code/Order/models/Orders.js": {"path":"/home/satyam/Documents/my-projects/code/Order/models/Orders.js","statementMap":{"0":{"start":{"line":4,"column":4},"end":{"line":4,"column":24}},"1":{"start":{"line":5,"column":0},"end":{"line":58,"column":2}},"2":{"start":{"line":14,"column":12},"end":{"line":14,"column":78}},"3":{"start":{"line":15,"column":12},"end":{"line":15,"column":76}},"4":{"start":{"line":19,"column":4},"end":{"line":56,"column":11}},"5":{"start":{"line":57,"column":4},"end":{"line":57,"column":18}}},"fnMap":{"0":{"name":"(anonymous_0)","decl":{"start":{"line":5,"column":17},"end":{"line":5,"column":18}},"loc":{"start":{"line":5,"column":43},"end":{"line":58,"column":1}},"line":5},"1":{"name":"(anonymous_1)","decl":{"start":{"line":12,"column":8},"end":{"line":12,"column":9}},"loc":{"start":{"line":12,"column":33},"end":{"line":17,"column":9}},"line":12}},"branchMap":{},"s":{"0":5,"1":5,"2":5,"3":5,"4":5,"5":5},"f":{"0":5,"1":5},"b":{},"_coverageSchema":"1a1c01bbd47fc00a2c39e90264f33305004495a9","hash":"7dbcc82ceaaeee468af3080d4d3c221dd4cd8484"}
,"/home/satyam/Documents/my-projects/code/Order/models/index.js": {"path":"/home/satyam/Documents/my-projects/code/Order/models/index.js","statementMap":{"0":{"start":{"line":3,"column":11},"end":{"line":3,"column":24}},"1":{"start":{"line":4,"column":13},"end":{"line":4,"column":28}},"2":{"start":{"line":5,"column":18},"end":{"line":5,"column":38}},"3":{"start":{"line":6,"column":17},"end":{"line":6,"column":42}},"4":{"start":{"line":7,"column":12},"end":{"line":7,"column":49}},"5":{"start":{"line":8,"column":17},"end":{"line":8,"column":60}},"6":{"start":{"line":9,"column":15},"end":{"line":9,"column":28}},"7":{"start":{"line":10,"column":11},"end":{"line":10,"column":13}},"8":{"start":{"line":12,"column":0},"end":{"line":16,"column":1}},"9":{"start":{"line":13,"column":2},"end":{"line":13,"column":74}},"10":{"start":{"line":15,"column":2},"end":{"line":15,"column":87}},"11":{"start":{"line":21,"column":0},"end":{"line":29,"column":5}},"12":{"start":{"line":24,"column":4},"end":{"line":24,"column":90}},"13":{"start":{"line":27,"column":18},"end":{"line":27,"column":75}},"14":{"start":{"line":28,"column":4},"end":{"line":28,"column":27}},"15":{"start":{"line":31,"column":0},"end":{"line":35,"column":3}},"16":{"start":{"line":32,"column":2},"end":{"line":34,"column":3}},"17":{"start":{"line":33,"column":4},"end":{"line":33,"column":32}},"18":{"start":{"line":37,"column":0},"end":{"line":37,"column":25}},"19":{"start":{"line":38,"column":0},"end":{"line":38,"column":25}},"20":{"start":{"line":39,"column":0},"end":{"line":39,"column":20}}},"fnMap":{"0":{"name":"(anonymous_0)","decl":{"start":{"line":23,"column":10},"end":{"line":23,"column":11}},"loc":{"start":{"line":23,"column":18},"end":{"line":25,"column":3}},"line":23},"1":{"name":"(anonymous_1)","decl":{"start":{"line":26,"column":11},"end":{"line":26,"column":12}},"loc":{"start":{"line":26,"column":19},"end":{"line":29,"column":3}},"line":26},"2":{"name":"(anonymous_2)","decl":{"start":{"line":31,"column":24},"end":{"line":31,"column":25}},"loc":{"start":{"line":31,"column":37},"end":{"line":35,"column":1}},"line":31}},"branchMap":{"0":{"loc":{"start":{"line":7,"column":12},"end":{"line":7,"column":49}},"type":"binary-expr","locations":[{"start":{"line":7,"column":12},"end":{"line":7,"column":32}},{"start":{"line":7,"column":36},"end":{"line":7,"column":49}}],"line":7},"1":{"loc":{"start":{"line":12,"column":0},"end":{"line":16,"column":1}},"type":"if","locations":[{"start":{"line":12,"column":0},"end":{"line":16,"column":1}},{"start":{"line":14,"column":7},"end":{"line":16,"column":1}}],"line":12},"2":{"loc":{"start":{"line":24,"column":11},"end":{"line":24,"column":89}},"type":"binary-expr","locations":[{"start":{"line":24,"column":12},"end":{"line":24,"column":35}},{"start":{"line":24,"column":41},"end":{"line":24,"column":58}},{"start":{"line":24,"column":64},"end":{"line":24,"column":88}}],"line":24},"3":{"loc":{"start":{"line":32,"column":2},"end":{"line":34,"column":3}},"type":"if","locations":[{"start":{"line":32,"column":2},"end":{"line":34,"column":3}},{"start":{},"end":{}}],"line":32}},"s":{"0":5,"1":5,"2":5,"3":5,"4":5,"5":5,"6":5,"7":5,"8":5,"9":0,"10":5,"11":5,"12":55,"13":45,"14":45,"15":5,"16":45,"17":45,"18":5,"19":5,"20":5},"f":{"0":55,"1":45,"2":45},"b":{"0":[5,0],"1":[0,5],"2":[55,55,50],"3":[45,0]},"_coverageSchema":"1a1c01bbd47fc00a2c39e90264f33305004495a9","hash":"476904cf22261b49fe3c0565d349b771271ce8ef"}
,"/home/satyam/Documents/my-projects/code/Order/src/controllers/index.controller.js": {"path":"/home/satyam/Documents/my-projects/code/Order/src/controllers/index.controller.js","statementMap":{"0":{"start":{"line":1,"column":14},"end":{"line":1,"column":43}},"1":{"start":{"line":2,"column":17},"end":{"line":2,"column":49}},"2":{"start":{"line":3,"column":0},"end":{"line":6,"column":1}}},"fnMap":{},"branchMap":{},"s":{"0":1,"1":1,"2":1},"f":{},"b":{},"_coverageSchema":"1a1c01bbd47fc00a2c39e90264f33305004495a9","hash":"c1360d17bf4cb5cbec74abf66749cd6aae564b62"}
,"/home/satyam/Documents/my-projects/code/Order/src/controllers/order.controller.js": {"path":"/home/satyam/Documents/my-projects/code/Order/src/controllers/order.controller.js","statementMap":{"0":{"start":{"line":9,"column":31},"end":{"line":9,"column":49}},"1":{"start":{"line":10,"column":18},"end":{"line":10,"column":37}},"2":{"start":{"line":11,"column":12},"end":{"line":11,"column":35}},"3":{"start":{"line":12,"column":21},"end":{"line":12,"column":33}},"4":{"start":{"line":13,"column":16},"end":{"line":13,"column":25}},"5":{"start":{"line":14,"column":82},"end":{"line":14,"column":84}},"6":{"start":{"line":15,"column":44},"end":{"line":15,"column":46}},"7":{"start":{"line":17,"column":18},"end":{"line":17,"column":46}},"8":{"start":{"line":18,"column":19},"end":{"line":18,"column":38}},"9":{"start":{"line":19,"column":29},"end":{"line":19,"column":64}},"10":{"start":{"line":20,"column":22},"end":{"line":20,"column":50}},"11":{"start":{"line":21,"column":21},"end":{"line":21,"column":44}},"12":{"start":{"line":23,"column":10},"end":{"line":25,"column":1}},"13":{"start":{"line":24,"column":4},"end":{"line":24,"column":56}},"14":{"start":{"line":27,"column":21},"end":{"line":36,"column":1}},"15":{"start":{"line":29,"column":4},"end":{"line":35,"column":5}},"16":{"start":{"line":30,"column":30},"end":{"line":30,"column":64}},"17":{"start":{"line":31,"column":8},"end":{"line":31,"column":75}},"18":{"start":{"line":33,"column":8},"end":{"line":33,"column":46}},"19":{"start":{"line":34,"column":8},"end":{"line":34,"column":17}},"20":{"start":{"line":40,"column":23},"end":{"line":67,"column":1}},"21":{"start":{"line":43,"column":21},"end":{"line":43,"column":33}},"22":{"start":{"line":45,"column":23},"end":{"line":53,"column":5}},"23":{"start":{"line":46,"column":20},"end":{"line":51,"column":9}},"24":{"start":{"line":52,"column":8},"end":{"line":52,"column":44}},"25":{"start":{"line":55,"column":4},"end":{"line":66,"column":5}},"26":{"start":{"line":56,"column":23},"end":{"line":56,"column":41}},"27":{"start":{"line":57,"column":8},"end":{"line":61,"column":9}},"28":{"start":{"line":58,"column":12},"end":{"line":58,"column":35}},"29":{"start":{"line":60,"column":12},"end":{"line":60,"column":56}},"30":{"start":{"line":64,"column":8},"end":{"line":64,"column":35}},"31":{"start":{"line":65,"column":8},"end":{"line":65,"column":18}},"32":{"start":{"line":69,"column":23},"end":{"line":87,"column":1}},"33":{"start":{"line":70,"column":24},"end":{"line":78,"column":5}},"34":{"start":{"line":71,"column":26},"end":{"line":71,"column":36}},"35":{"start":{"line":72,"column":20},"end":{"line":76,"column":9}},"36":{"start":{"line":77,"column":8},"end":{"line":77,"column":50}},"37":{"start":{"line":80,"column":4},"end":{"line":86,"column":5}},"38":{"start":{"line":81,"column":26},"end":{"line":81,"column":47}},"39":{"start":{"line":82,"column":8},"end":{"line":82,"column":37}},"40":{"start":{"line":84,"column":8},"end":{"line":84,"column":36}},"41":{"start":{"line":85,"column":8},"end":{"line":85,"column":18}},"42":{"start":{"line":89,"column":31},"end":{"line":101,"column":1}},"43":{"start":{"line":90,"column":15},"end":{"line":90,"column":25}},"44":{"start":{"line":91,"column":4},"end":{"line":100,"column":5}},"45":{"start":{"line":93,"column":26},"end":{"line":96,"column":10}},"46":{"start":{"line":97,"column":8},"end":{"line":97,"column":51}},"47":{"start":{"line":99,"column":8},"end":{"line":99,"column":36}},"48":{"start":{"line":103,"column":22},"end":{"line":129,"column":1}},"49":{"start":{"line":106,"column":79},"end":{"line":106,"column":87}},"50":{"start":{"line":107,"column":29},"end":{"line":107,"column":37}},"51":{"start":{"line":109,"column":19},"end":{"line":118,"column":5}},"52":{"start":{"line":119,"column":4},"end":{"line":124,"column":5}},"53":{"start":{"line":120,"column":21},"end":{"line":120,"column":56}},"54":{"start":{"line":121,"column":8},"end":{"line":121,"column":77}},"55":{"start":{"line":123,"column":8},"end":{"line":123,"column":18}},"56":{"start":{"line":131,"column":25},"end":{"line":149,"column":1}},"57":{"start":{"line":132,"column":57},"end":{"line":132,"column":65}},"58":{"start":{"line":134,"column":22},"end":{"line":142,"column":5}},"59":{"start":{"line":143,"column":4},"end":{"line":148,"column":5}},"60":{"start":{"line":144,"column":8},"end":{"line":144,"column":47}},"61":{"start":{"line":145,"column":8},"end":{"line":145,"column":67}},"62":{"start":{"line":147,"column":8},"end":{"line":147,"column":18}},"63":{"start":{"line":151,"column":28},"end":{"line":160,"column":1}},"64":{"start":{"line":152,"column":27},"end":{"line":152,"column":35}},"65":{"start":{"line":153,"column":4},"end":{"line":159,"column":5}},"66":{"start":{"line":154,"column":8},"end":{"line":154,"column":80}},"67":{"start":{"line":155,"column":8},"end":{"line":155,"column":68}},"68":{"start":{"line":157,"column":8},"end":{"line":157,"column":36}},"69":{"start":{"line":158,"column":8},"end":{"line":158,"column":18}},"70":{"start":{"line":162,"column":22},"end":{"line":178,"column":1}},"71":{"start":{"line":163,"column":22},"end":{"line":163,"column":31}},"72":{"start":{"line":164,"column":16},"end":{"line":166,"column":5}},"73":{"start":{"line":168,"column":4},"end":{"line":175,"column":5}},"74":{"start":{"line":169,"column":22},"end":{"line":169,"column":55}},"75":{"start":{"line":170,"column":23},"end":{"line":170,"column":57}},"76":{"start":{"line":171,"column":8},"end":{"line":171,"column":54}},"77":{"start":{"line":173,"column":8},"end":{"line":173,"column":57}},"78":{"start":{"line":174,"column":8},"end":{"line":174,"column":18}},"79":{"start":{"line":183,"column":20},"end":{"line":202,"column":1}},"80":{"start":{"line":184,"column":19},"end":{"line":184,"column":31}},"81":{"start":{"line":185,"column":4},"end":{"line":198,"column":5}},"82":{"start":{"line":186,"column":21},"end":{"line":194,"column":10}},"83":{"start":{"line":195,"column":8},"end":{"line":195,"column":32}},"84":{"start":{"line":197,"column":8},"end":{"line":197,"column":18}},"85":{"start":{"line":204,"column":20},"end":{"line":206,"column":1}},"86":{"start":{"line":208,"column":23},"end":{"line":210,"column":1}},"87":{"start":{"line":212,"column":26},"end":{"line":229,"column":1}},"88":{"start":{"line":213,"column":34},"end":{"line":213,"column":42}},"89":{"start":{"line":215,"column":24},"end":{"line":217,"column":5}},"90":{"start":{"line":218,"column":24},"end":{"line":220,"column":5}},"91":{"start":{"line":222,"column":4},"end":{"line":228,"column":5}},"92":{"start":{"line":223,"column":8},"end":{"line":223,"column":59}},"93":{"start":{"line":224,"column":8},"end":{"line":224,"column":98}},"94":{"start":{"line":226,"column":8},"end":{"line":226,"column":35}},"95":{"start":{"line":227,"column":8},"end":{"line":227,"column":18}},"96":{"start":{"line":231,"column":23},"end":{"line":240,"column":1}},"97":{"start":{"line":232,"column":4},"end":{"line":238,"column":5}},"98":{"start":{"line":233,"column":21},"end":{"line":233,"column":76}},"99":{"start":{"line":234,"column":8},"end":{"line":234,"column":46}},"100":{"start":{"line":236,"column":8},"end":{"line":236,"column":65}},"101":{"start":{"line":237,"column":8},"end":{"line":237,"column":18}},"102":{"start":{"line":242,"column":27},"end":{"line":254,"column":1}},"103":{"start":{"line":244,"column":24},"end":{"line":244,"column":32}},"104":{"start":{"line":245,"column":4},"end":{"line":253,"column":5}},"105":{"start":{"line":246,"column":25},"end":{"line":246,"column":69}},"106":{"start":{"line":247,"column":26},"end":{"line":247,"column":39}},"107":{"start":{"line":248,"column":35},"end":{"line":248,"column":122}},"108":{"start":{"line":249,"column":8},"end":{"line":249,"column":50}},"109":{"start":{"line":251,"column":8},"end":{"line":251,"column":59}},"110":{"start":{"line":252,"column":8},"end":{"line":252,"column":18}},"111":{"start":{"line":255,"column":30},"end":{"line":273,"column":1}},"112":{"start":{"line":257,"column":24},"end":{"line":257,"column":34}},"113":{"start":{"line":258,"column":27},"end":{"line":264,"column":5}},"114":{"start":{"line":259,"column":12},"end":{"line":263,"column":14}},"115":{"start":{"line":265,"column":4},"end":{"line":272,"column":5}},"116":{"start":{"line":266,"column":37},"end":{"line":266,"column":61}},"117":{"start":{"line":267,"column":8},"end":{"line":267,"column":65}},"118":{"start":{"line":270,"column":8},"end":{"line":270,"column":36}},"119":{"start":{"line":271,"column":8},"end":{"line":271,"column":18}},"120":{"start":{"line":275,"column":30},"end":{"line":293,"column":1}},"121":{"start":{"line":276,"column":22},"end":{"line":276,"column":32}},"122":{"start":{"line":277,"column":27},"end":{"line":284,"column":5}},"123":{"start":{"line":278,"column":8},"end":{"line":283,"column":10}},"124":{"start":{"line":286,"column":4},"end":{"line":291,"column":5}},"125":{"start":{"line":287,"column":19},"end":{"line":287,"column":43}},"126":{"start":{"line":288,"column":8},"end":{"line":288,"column":62}},"127":{"start":{"line":290,"column":8},"end":{"line":290,"column":36}},"128":{"start":{"line":295,"column":28},"end":{"line":309,"column":1}},"129":{"start":{"line":296,"column":32},"end":{"line":296,"column":40}},"130":{"start":{"line":299,"column":14},"end":{"line":302,"column":5}},"131":{"start":{"line":303,"column":4},"end":{"line":308,"column":5}},"132":{"start":{"line":304,"column":21},"end":{"line":304,"column":54}},"133":{"start":{"line":305,"column":8},"end":{"line":305,"column":74}},"134":{"start":{"line":307,"column":8},"end":{"line":307,"column":36}},"135":{"start":{"line":311,"column":24},"end":{"line":321,"column":1}},"136":{"start":{"line":313,"column":20},"end":{"line":313,"column":30}},"137":{"start":{"line":314,"column":4},"end":{"line":319,"column":5}},"138":{"start":{"line":315,"column":22},"end":{"line":315,"column":75}},"139":{"start":{"line":316,"column":8},"end":{"line":316,"column":38}},"140":{"start":{"line":318,"column":8},"end":{"line":318,"column":36}},"141":{"start":{"line":323,"column":30},"end":{"line":330,"column":1}},"142":{"start":{"line":324,"column":4},"end":{"line":329,"column":5}},"143":{"start":{"line":325,"column":30},"end":{"line":325,"column":71}},"144":{"start":{"line":326,"column":8},"end":{"line":326,"column":38}},"145":{"start":{"line":328,"column":8},"end":{"line":328,"column":17}},"146":{"start":{"line":333,"column":26},"end":{"line":341,"column":1}},"147":{"start":{"line":334,"column":4},"end":{"line":340,"column":5}},"148":{"start":{"line":335,"column":30},"end":{"line":335,"column":74}},"149":{"start":{"line":337,"column":8},"end":{"line":337,"column":38}},"150":{"start":{"line":339,"column":8},"end":{"line":339,"column":17}},"151":{"start":{"line":344,"column":0},"end":{"line":366,"column":1}}},"fnMap":{"0":{"name":"(anonymous_0)","decl":{"start":{"line":23,"column":10},"end":{"line":23,"column":11}},"loc":{"start":{"line":23,"column":22},"end":{"line":25,"column":1}},"line":23},"1":{"name":"(anonymous_1)","decl":{"start":{"line":27,"column":21},"end":{"line":27,"column":22}},"loc":{"start":{"line":27,"column":45},"end":{"line":36,"column":1}},"line":27},"2":{"name":"(anonymous_2)","decl":{"start":{"line":40,"column":23},"end":{"line":40,"column":24}},"loc":{"start":{"line":40,"column":46},"end":{"line":67,"column":1}},"line":40},"3":{"name":"(anonymous_3)","decl":{"start":{"line":45,"column":23},"end":{"line":45,"column":24}},"loc":{"start":{"line":45,"column":33},"end":{"line":53,"column":5}},"line":45},"4":{"name":"(anonymous_4)","decl":{"start":{"line":69,"column":23},"end":{"line":69,"column":24}},"loc":{"start":{"line":69,"column":46},"end":{"line":87,"column":1}},"line":69},"5":{"name":"(anonymous_5)","decl":{"start":{"line":70,"column":24},"end":{"line":70,"column":25}},"loc":{"start":{"line":70,"column":34},"end":{"line":78,"column":5}},"line":70},"6":{"name":"(anonymous_6)","decl":{"start":{"line":89,"column":31},"end":{"line":89,"column":32}},"loc":{"start":{"line":89,"column":48},"end":{"line":101,"column":1}},"line":89},"7":{"name":"(anonymous_7)","decl":{"start":{"line":103,"column":22},"end":{"line":103,"column":23}},"loc":{"start":{"line":103,"column":46},"end":{"line":129,"column":1}},"line":103},"8":{"name":"(anonymous_8)","decl":{"start":{"line":131,"column":25},"end":{"line":131,"column":26}},"loc":{"start":{"line":131,"column":50},"end":{"line":149,"column":1}},"line":131},"9":{"name":"(anonymous_9)","decl":{"start":{"line":151,"column":28},"end":{"line":151,"column":29}},"loc":{"start":{"line":151,"column":53},"end":{"line":160,"column":1}},"line":151},"10":{"name":"(anonymous_10)","decl":{"start":{"line":162,"column":22},"end":{"line":162,"column":23}},"loc":{"start":{"line":162,"column":45},"end":{"line":178,"column":1}},"line":162},"11":{"name":"(anonymous_11)","decl":{"start":{"line":183,"column":20},"end":{"line":183,"column":21}},"loc":{"start":{"line":183,"column":43},"end":{"line":202,"column":1}},"line":183},"12":{"name":"(anonymous_12)","decl":{"start":{"line":204,"column":20},"end":{"line":204,"column":21}},"loc":{"start":{"line":204,"column":38},"end":{"line":206,"column":1}},"line":204},"13":{"name":"(anonymous_13)","decl":{"start":{"line":208,"column":23},"end":{"line":208,"column":24}},"loc":{"start":{"line":208,"column":41},"end":{"line":210,"column":1}},"line":208},"14":{"name":"(anonymous_14)","decl":{"start":{"line":212,"column":26},"end":{"line":212,"column":27}},"loc":{"start":{"line":212,"column":50},"end":{"line":229,"column":1}},"line":212},"15":{"name":"(anonymous_15)","decl":{"start":{"line":231,"column":23},"end":{"line":231,"column":24}},"loc":{"start":{"line":231,"column":47},"end":{"line":240,"column":1}},"line":231},"16":{"name":"(anonymous_16)","decl":{"start":{"line":242,"column":27},"end":{"line":242,"column":28}},"loc":{"start":{"line":242,"column":53},"end":{"line":254,"column":1}},"line":242},"17":{"name":"(anonymous_17)","decl":{"start":{"line":255,"column":30},"end":{"line":255,"column":31}},"loc":{"start":{"line":255,"column":54},"end":{"line":273,"column":1}},"line":255},"18":{"name":"(anonymous_18)","decl":{"start":{"line":258,"column":27},"end":{"line":258,"column":28}},"loc":{"start":{"line":258,"column":37},"end":{"line":264,"column":5}},"line":258},"19":{"name":"(anonymous_19)","decl":{"start":{"line":275,"column":30},"end":{"line":275,"column":31}},"loc":{"start":{"line":275,"column":53},"end":{"line":293,"column":1}},"line":275},"20":{"name":"(anonymous_20)","decl":{"start":{"line":277,"column":27},"end":{"line":277,"column":28}},"loc":{"start":{"line":277,"column":37},"end":{"line":284,"column":5}},"line":277},"21":{"name":"(anonymous_21)","decl":{"start":{"line":295,"column":28},"end":{"line":295,"column":29}},"loc":{"start":{"line":295,"column":51},"end":{"line":309,"column":1}},"line":295},"22":{"name":"(anonymous_22)","decl":{"start":{"line":311,"column":24},"end":{"line":311,"column":25}},"loc":{"start":{"line":311,"column":48},"end":{"line":321,"column":1}},"line":311},"23":{"name":"(anonymous_23)","decl":{"start":{"line":323,"column":30},"end":{"line":323,"column":31}},"loc":{"start":{"line":323,"column":52},"end":{"line":330,"column":1}},"line":323},"24":{"name":"(anonymous_24)","decl":{"start":{"line":333,"column":26},"end":{"line":333,"column":27}},"loc":{"start":{"line":333,"column":50},"end":{"line":341,"column":1}},"line":333}},"branchMap":{"0":{"loc":{"start":{"line":57,"column":8},"end":{"line":61,"column":9}},"type":"if","locations":[{"start":{"line":57,"column":8},"end":{"line":61,"column":9}},{"start":{"line":59,"column":15},"end":{"line":61,"column":9}}],"line":57}},"s":{"0":1,"1":1,"2":1,"3":1,"4":1,"5":1,"6":1,"7":1,"8":1,"9":1,"10":1,"11":1,"12":1,"13":0,"14":1,"15":1,"16":1,"17":1,"18":0,"19":0,"20":1,"21":3,"22":3,"23":3,"24":3,"25":3,"26":3,"27":2,"28":1,"29":1,"30":1,"31":1,"32":1,"33":1,"34":1,"35":1,"36":1,"37":1,"38":1,"39":1,"40":0,"41":0,"42":1,"43":0,"44":0,"45":0,"46":0,"47":0,"48":1,"49":0,"50":0,"51":0,"52":0,"53":0,"54":0,"55":0,"56":1,"57":0,"58":0,"59":0,"60":0,"61":0,"62":0,"63":1,"64":0,"65":0,"66":0,"67":0,"68":0,"69":0,"70":1,"71":0,"72":0,"73":0,"74":0,"75":0,"76":0,"77":0,"78":0,"79":1,"80":0,"81":0,"82":0,"83":0,"84":0,"85":1,"86":1,"87":1,"88":0,"89":0,"90":0,"91":0,"92":0,"93":0,"94":0,"95":0,"96":1,"97":0,"98":0,"99":0,"100":0,"101":0,"102":1,"103":0,"104":0,"105":0,"106":0,"107":0,"108":0,"109":0,"110":0,"111":1,"112":0,"113":0,"114":0,"115":0,"116":0,"117":0,"118":0,"119":0,"120":1,"121":0,"122":0,"123":0,"124":0,"125":0,"126":0,"127":0,"128":1,"129":0,"130":0,"131":0,"132":0,"133":0,"134":0,"135":1,"136":0,"137":0,"138":0,"139":0,"140":0,"141":1,"142":0,"143":0,"144":0,"145":0,"146":1,"147":0,"148":0,"149":0,"150":0,"151":1},"f":{"0":0,"1":1,"2":3,"3":3,"4":1,"5":1,"6":0,"7":0,"8":0,"9":0,"10":0,"11":0,"12":0,"13":0,"14":0,"15":0,"16":0,"17":0,"18":0,"19":0,"20":0,"21":0,"22":0,"23":0,"24":0},"b":{"0":[1,1]},"_coverageSchema":"1a1c01bbd47fc00a2c39e90264f33305004495a9","hash":"f8c95a02cfe09ff1a517bff176dc66df2eee99d0"}
,"/home/satyam/Documents/my-projects/code/Order/src/controllers/shipment.controller.js": {"path":"/home/satyam/Documents/my-projects/code/Order/src/controllers/shipment.controller.js","statementMap":{"0":{"start":{"line":1,"column":24},"end":{"line":1,"column":55}},"1":{"start":{"line":2,"column":21},"end":{"line":2,"column":49}},"2":{"start":{"line":3,"column":34},"end":{"line":10,"column":1}},"3":{"start":{"line":4,"column":4},"end":{"line":9,"column":5}},"4":{"start":{"line":5,"column":29},"end":{"line":5,"column":80}},"5":{"start":{"line":6,"column":8},"end":{"line":6,"column":71}},"6":{"start":{"line":8,"column":8},"end":{"line":8,"column":17}},"7":{"start":{"line":11,"column":15},"end":{"line":17,"column":1}},"8":{"start":{"line":12,"column":4},"end":{"line":16,"column":5}},"9":{"start":{"line":13,"column":8},"end":{"line":13,"column":49}},"10":{"start":{"line":19,"column":36},"end":{"line":57,"column":1}},"11":{"start":{"line":20,"column":23},"end":{"line":20,"column":35}},"12":{"start":{"line":21,"column":23},"end":{"line":21,"column":31}},"13":{"start":{"line":23,"column":28},"end":{"line":28,"column":5}},"14":{"start":{"line":24,"column":20},"end":{"line":24,"column":74}},"15":{"start":{"line":25,"column":8},"end":{"line":25,"column":50}},"16":{"start":{"line":27,"column":8},"end":{"line":27,"column":82}},"17":{"start":{"line":30,"column":32},"end":{"line":34,"column":5}},"18":{"start":{"line":31,"column":8},"end":{"line":33,"column":9}},"19":{"start":{"line":32,"column":12},"end":{"line":32,"column":91}},"20":{"start":{"line":36,"column":4},"end":{"line":55,"column":5}},"21":{"start":{"line":37,"column":8},"end":{"line":37,"column":68}},"22":{"start":{"line":38,"column":8},"end":{"line":38,"column":57}},"23":{"start":{"line":39,"column":24},"end":{"line":47,"column":9}},"24":{"start":{"line":48,"column":29},"end":{"line":48,"column":88}},"25":{"start":{"line":49,"column":19},"end":{"line":49,"column":50}},"26":{"start":{"line":50,"column":8},"end":{"line":50,"column":35}},"27":{"start":{"line":51,"column":8},"end":{"line":51,"column":72}},"28":{"start":{"line":52,"column":8},"end":{"line":52,"column":71}},"29":{"start":{"line":54,"column":8},"end":{"line":54,"column":67}},"30":{"start":{"line":59,"column":29},"end":{"line":66,"column":1}},"31":{"start":{"line":60,"column":4},"end":{"line":65,"column":5}},"32":{"start":{"line":61,"column":8},"end":{"line":61,"column":61}},"33":{"start":{"line":62,"column":8},"end":{"line":62,"column":56}},"34":{"start":{"line":64,"column":8},"end":{"line":64,"column":17}},"35":{"start":{"line":68,"column":30},"end":{"line":75,"column":1}},"36":{"start":{"line":69,"column":4},"end":{"line":74,"column":5}},"37":{"start":{"line":70,"column":8},"end":{"line":70,"column":55}},"38":{"start":{"line":71,"column":8},"end":{"line":71,"column":66}},"39":{"start":{"line":73,"column":8},"end":{"line":73,"column":17}},"40":{"start":{"line":80,"column":23},"end":{"line":87,"column":1}},"41":{"start":{"line":81,"column":4},"end":{"line":86,"column":5}},"42":{"start":{"line":82,"column":8},"end":{"line":82,"column":55}},"43":{"start":{"line":83,"column":8},"end":{"line":83,"column":56}},"44":{"start":{"line":85,"column":8},"end":{"line":85,"column":17}},"45":{"start":{"line":89,"column":28},"end":{"line":117,"column":1}},"46":{"start":{"line":90,"column":48},"end":{"line":90,"column":56}},"47":{"start":{"line":91,"column":4},"end":{"line":113,"column":5}},"48":{"start":{"line":92,"column":29},"end":{"line":92,"column":84}},"49":{"start":{"line":93,"column":8},"end":{"line":104,"column":9}},"50":{"start":{"line":94,"column":11},"end":{"line":94,"column":148}},"51":{"start":{"line":96,"column":27},"end":{"line":102,"column":13}},"52":{"start":{"line":103,"column":12},"end":{"line":103,"column":49}},"53":{"start":{"line":105,"column":21},"end":{"line":107,"column":9}},"54":{"start":{"line":108,"column":8},"end":{"line":108,"column":44}},"55":{"start":{"line":111,"column":8},"end":{"line":111,"column":38}},"56":{"start":{"line":112,"column":8},"end":{"line":112,"column":80}},"57":{"start":{"line":120,"column":20},"end":{"line":130,"column":1}},"58":{"start":{"line":121,"column":22},"end":{"line":121,"column":32}},"59":{"start":{"line":122,"column":4},"end":{"line":128,"column":5}},"60":{"start":{"line":124,"column":28},"end":{"line":124,"column":77}},"61":{"start":{"line":125,"column":8},"end":{"line":125,"column":29}},"62":{"start":{"line":127,"column":8},"end":{"line":127,"column":64}},"63":{"start":{"line":133,"column":0},"end":{"line":141,"column":1}}},"fnMap":{"0":{"name":"(anonymous_0)","decl":{"start":{"line":3,"column":34},"end":{"line":3,"column":35}},"loc":{"start":{"line":3,"column":57},"end":{"line":10,"column":1}},"line":3},"1":{"name":"(anonymous_1)","decl":{"start":{"line":11,"column":15},"end":{"line":11,"column":16}},"loc":{"start":{"line":11,"column":39},"end":{"line":17,"column":1}},"line":11},"2":{"name":"(anonymous_2)","decl":{"start":{"line":19,"column":36},"end":{"line":19,"column":37}},"loc":{"start":{"line":19,"column":57},"end":{"line":57,"column":1}},"line":19},"3":{"name":"(anonymous_3)","decl":{"start":{"line":23,"column":28},"end":{"line":23,"column":29}},"loc":{"start":{"line":23,"column":38},"end":{"line":28,"column":5}},"line":23},"4":{"name":"(anonymous_4)","decl":{"start":{"line":30,"column":32},"end":{"line":30,"column":33}},"loc":{"start":{"line":30,"column":42},"end":{"line":34,"column":5}},"line":30},"5":{"name":"(anonymous_5)","decl":{"start":{"line":59,"column":29},"end":{"line":59,"column":30}},"loc":{"start":{"line":59,"column":48},"end":{"line":66,"column":1}},"line":59},"6":{"name":"(anonymous_6)","decl":{"start":{"line":68,"column":30},"end":{"line":68,"column":31}},"loc":{"start":{"line":68,"column":49},"end":{"line":75,"column":1}},"line":68},"7":{"name":"(anonymous_7)","decl":{"start":{"line":80,"column":23},"end":{"line":80,"column":24}},"loc":{"start":{"line":80,"column":47},"end":{"line":87,"column":1}},"line":80},"8":{"name":"(anonymous_8)","decl":{"start":{"line":89,"column":28},"end":{"line":89,"column":29}},"loc":{"start":{"line":89,"column":53},"end":{"line":117,"column":1}},"line":89},"9":{"name":"(anonymous_9)","decl":{"start":{"line":120,"column":20},"end":{"line":120,"column":21}},"loc":{"start":{"line":120,"column":46},"end":{"line":130,"column":1}},"line":120}},"branchMap":{"0":{"loc":{"start":{"line":31,"column":8},"end":{"line":33,"column":9}},"type":"if","locations":[{"start":{"line":31,"column":8},"end":{"line":33,"column":9}},{"start":{},"end":{}}],"line":31},"1":{"loc":{"start":{"line":36,"column":4},"end":{"line":55,"column":5}},"type":"if","locations":[{"start":{"line":36,"column":4},"end":{"line":55,"column":5}},{"start":{"line":53,"column":9},"end":{"line":55,"column":5}}],"line":36},"2":{"loc":{"start":{"line":93,"column":8},"end":{"line":104,"column":9}},"type":"if","locations":[{"start":{"line":93,"column":8},"end":{"line":104,"column":9}},{"start":{"line":95,"column":13},"end":{"line":104,"column":9}}],"line":93}},"s":{"0":1,"1":1,"2":1,"3":0,"4":0,"5":0,"6":0,"7":1,"8":0,"9":0,"10":1,"11":0,"12":0,"13":0,"14":0,"15":0,"16":0,"17":0,"18":0,"19":0,"20":0,"21":0,"22":0,"23":0,"24":0,"25":0,"26":0,"27":0,"28":0,"29":0,"30":1,"31":0,"32":0,"33":0,"34":0,"35":1,"36":0,"37":0,"38":0,"39":0,"40":1,"41":0,"42":0,"43":0,"44":0,"45":1,"46":0,"47":0,"48":0,"49":0,"50":0,"51":0,"52":0,"53":0,"54":0,"55":0,"56":0,"57":1,"58":0,"59":0,"60":0,"61":0,"62":0,"63":1},"f":{"0":0,"1":0,"2":0,"3":0,"4":0,"5":0,"6":0,"7":0,"8":0,"9":0},"b":{"0":[0,0],"1":[0,0],"2":[0,0]},"_coverageSchema":"1a1c01bbd47fc00a2c39e90264f33305004495a9","hash":"d7a82b315c8a71ef77b9ba5406ba64617f4622ff"}
,"/home/satyam/Documents/my-projects/code/Order/src/event-emitters/index.js": {"path":"/home/satyam/Documents/my-projects/code/Order/src/event-emitters/index.js","statementMap":{"0":{"start":{"line":1,"column":15},"end":{"line":1,"column":32}},"1":{"start":{"line":2,"column":16},"end":{"line":2,"column":41}},"2":{"start":{"line":3,"column":0},"end":{"line":5,"column":1}}},"fnMap":{},"branchMap":{},"s":{"0":1,"1":1,"2":1},"f":{},"b":{},"_coverageSchema":"1a1c01bbd47fc00a2c39e90264f33305004495a9","hash":"fee7d8b88622ec0ef9bc6a4ca1c43982e5099e12"}
,"/home/satyam/Documents/my-projects/code/Order/src/services/axios.js": {"path":"/home/satyam/Documents/my-projects/code/Order/src/services/axios.js","statementMap":{"0":{"start":{"line":1,"column":14},"end":{"line":1,"column":30}},"1":{"start":{"line":2,"column":14},"end":{"line":12,"column":1}},"2":{"start":{"line":13,"column":17},"end":{"line":15,"column":2}},"3":{"start":{"line":17,"column":23},"end":{"line":20,"column":1}},"4":{"start":{"line":18,"column":18},"end":{"line":18,"column":41}},"5":{"start":{"line":19,"column":4},"end":{"line":19,"column":39}},"6":{"start":{"line":22,"column":19},"end":{"line":24,"column":1}},"7":{"start":{"line":23,"column":4},"end":{"line":23,"column":36}},"8":{"start":{"line":26,"column":20},"end":{"line":28,"column":1}},"9":{"start":{"line":27,"column":4},"end":{"line":27,"column":35}},"10":{"start":{"line":29,"column":19},"end":{"line":31,"column":1}},"11":{"start":{"line":30,"column":4},"end":{"line":30,"column":34}},"12":{"start":{"line":33,"column":22},"end":{"line":35,"column":1}},"13":{"start":{"line":34,"column":4},"end":{"line":34,"column":44}},"14":{"start":{"line":37,"column":18},"end":{"line":42,"column":1}},"15":{"start":{"line":38,"column":4},"end":{"line":40,"column":5}},"16":{"start":{"line":39,"column":8},"end":{"line":39,"column":30}},"17":{"start":{"line":41,"column":4},"end":{"line":41,"column":50}},"18":{"start":{"line":44,"column":0},"end":{"line":51,"column":1}}},"fnMap":{"0":{"name":"(anonymous_0)","decl":{"start":{"line":17,"column":23},"end":{"line":17,"column":24}},"loc":{"start":{"line":17,"column":34},"end":{"line":20,"column":1}},"line":17},"1":{"name":"(anonymous_1)","decl":{"start":{"line":22,"column":19},"end":{"line":22,"column":20}},"loc":{"start":{"line":22,"column":36},"end":{"line":24,"column":1}},"line":22},"2":{"name":"(anonymous_2)","decl":{"start":{"line":26,"column":20},"end":{"line":26,"column":21}},"loc":{"start":{"line":26,"column":32},"end":{"line":28,"column":1}},"line":26},"3":{"name":"(anonymous_3)","decl":{"start":{"line":29,"column":19},"end":{"line":29,"column":20}},"loc":{"start":{"line":29,"column":31},"end":{"line":31,"column":1}},"line":29},"4":{"name":"(anonymous_4)","decl":{"start":{"line":33,"column":22},"end":{"line":33,"column":23}},"loc":{"start":{"line":33,"column":34},"end":{"line":35,"column":1}},"line":33},"5":{"name":"(anonymous_5)","decl":{"start":{"line":37,"column":18},"end":{"line":37,"column":19}},"loc":{"start":{"line":37,"column":35},"end":{"line":42,"column":1}},"line":37}},"branchMap":{"0":{"loc":{"start":{"line":22,"column":24},"end":{"line":22,"column":33}},"type":"default-arg","locations":[{"start":{"line":22,"column":31},"end":{"line":22,"column":33}}],"line":22},"1":{"loc":{"start":{"line":38,"column":4},"end":{"line":40,"column":5}},"type":"if","locations":[{"start":{"line":38,"column":4},"end":{"line":40,"column":5}},{"start":{},"end":{}}],"line":38}},"s":{"0":5,"1":5,"2":5,"3":5,"4":6,"5":6,"6":5,"7":5,"8":5,"9":0,"10":5,"11":0,"12":5,"13":1,"14":5,"15":6,"16":6,"17":6,"18":5},"f":{"0":6,"1":5,"2":0,"3":0,"4":1,"5":6},"b":{"0":[5],"1":[6,0]},"_coverageSchema":"1a1c01bbd47fc00a2c39e90264f33305004495a9","hash":"6447a05b6ed1d332013aec9a04e3254c618d7c93"}
,"/home/satyam/Documents/my-projects/code/Order/src/services/index.js": {"path":"/home/satyam/Documents/my-projects/code/Order/src/services/index.js","statementMap":{},"fnMap":{},"branchMap":{},"s":{},"f":{},"b":{},"_coverageSchema":"1a1c01bbd47fc00a2c39e90264f33305004495a9","hash":"af84156d17d782ed473b3c8c987e26be2ef96437"}
,"/home/satyam/Documents/my-projects/code/Order/src/services/merchant-service.js": {"path":"/home/satyam/Documents/my-projects/code/Order/src/services/merchant-service.js","statementMap":{"0":{"start":{"line":1,"column":17},"end":{"line":1,"column":45}},"1":{"start":{"line":2,"column":17},"end":{"line":14,"column":1}},"2":{"start":{"line":10,"column":8},"end":{"line":10,"column":53}},"3":{"start":{"line":11,"column":34},"end":{"line":11,"column":99}},"4":{"start":{"line":12,"column":8},"end":{"line":12,"column":37}},"5":{"start":{"line":16,"column":0},"end":{"line":18,"column":1}}},"fnMap":{"0":{"name":"(anonymous_0)","decl":{"start":{"line":4,"column":17},"end":{"line":4,"column":18}},"loc":{"start":{"line":4,"column":28},"end":{"line":6,"column":5}},"line":4},"1":{"name":"(anonymous_1)","decl":{"start":{"line":9,"column":16},"end":{"line":9,"column":17}},"loc":{"start":{"line":9,"column":47},"end":{"line":13,"column":5}},"line":9}},"branchMap":{},"s":{"0":2,"1":2,"2":2,"3":2,"4":2,"5":2},"f":{"0":0,"1":2},"b":{},"_coverageSchema":"1a1c01bbd47fc00a2c39e90264f33305004495a9","hash":"ae22f8fdb9dc026be5b0aabd21fb7a7432167c9b"}
,"/home/satyam/Documents/my-projects/code/Order/src/services/order.js": {"path":"/home/satyam/Documents/my-projects/code/Order/src/services/order.js","statementMap":{"0":{"start":{"line":2,"column":11},"end":{"line":2,"column":34}},"1":{"start":{"line":3,"column":18},"end":{"line":3,"column":60}},"2":{"start":{"line":4,"column":20},"end":{"line":4,"column":32}},"3":{"start":{"line":5,"column":15},"end":{"line":5,"column":24}},"4":{"start":{"line":6,"column":84},"end":{"line":6,"column":86}},"5":{"start":{"line":7,"column":17},"end":{"line":7,"column":45}},"6":{"start":{"line":8,"column":18},"end":{"line":8,"column":47}},"7":{"start":{"line":9,"column":16},"end":{"line":9,"column":52}},"8":{"start":{"line":10,"column":21},"end":{"line":10,"column":57}},"9":{"start":{"line":11,"column":26},"end":{"line":24,"column":1}},"10":{"start":{"line":12,"column":21},"end":{"line":12,"column":24}},"11":{"start":{"line":13,"column":4},"end":{"line":23,"column":5}},"12":{"start":{"line":14,"column":24},"end":{"line":17,"column":10}},"13":{"start":{"line":19,"column":8},"end":{"line":19,"column":25}},"14":{"start":{"line":21,"column":8},"end":{"line":21,"column":60}},"15":{"start":{"line":22,"column":8},"end":{"line":22,"column":76}},"16":{"start":{"line":26,"column":25},"end":{"line":49,"column":1}},"17":{"start":{"line":27,"column":24},"end":{"line":27,"column":27}},"18":{"start":{"line":28,"column":27},"end":{"line":42,"column":5}},"19":{"start":{"line":29,"column":12},"end":{"line":41,"column":14}},"20":{"start":{"line":43,"column":4},"end":{"line":48,"column":5}},"21":{"start":{"line":44,"column":8},"end":{"line":44,"column":34}},"22":{"start":{"line":46,"column":8},"end":{"line":46,"column":36}},"23":{"start":{"line":47,"column":8},"end":{"line":47,"column":18}},"24":{"start":{"line":51,"column":27},"end":{"line":71,"column":1}},"25":{"start":{"line":52,"column":37},"end":{"line":52,"column":40}},"26":{"start":{"line":53,"column":26},"end":{"line":64,"column":5}},"27":{"start":{"line":54,"column":12},"end":{"line":63,"column":14}},"28":{"start":{"line":65,"column":4},"end":{"line":70,"column":5}},"29":{"start":{"line":66,"column":8},"end":{"line":66,"column":33}},"30":{"start":{"line":68,"column":8},"end":{"line":68,"column":36}},"31":{"start":{"line":69,"column":8},"end":{"line":69,"column":18}},"32":{"start":{"line":73,"column":24},"end":{"line":95,"column":1}},"33":{"start":{"line":74,"column":22},"end":{"line":74,"column":25}},"34":{"start":{"line":75,"column":24},"end":{"line":87,"column":5}},"35":{"start":{"line":77,"column":27},"end":{"line":85,"column":10}},"36":{"start":{"line":86,"column":8},"end":{"line":86,"column":27}},"37":{"start":{"line":89,"column":4},"end":{"line":94,"column":5}},"38":{"start":{"line":90,"column":21},"end":{"line":90,"column":42}},"39":{"start":{"line":91,"column":7},"end":{"line":91,"column":22}},"40":{"start":{"line":93,"column":8},"end":{"line":93,"column":34}},"41":{"start":{"line":97,"column":26},"end":{"line":106,"column":1}},"42":{"start":{"line":98,"column":4},"end":{"line":105,"column":5}},"43":{"start":{"line":99,"column":28},"end":{"line":99,"column":64}},"44":{"start":{"line":100,"column":40},"end":{"line":100,"column":117}},"45":{"start":{"line":101,"column":8},"end":{"line":101,"column":48}},"46":{"start":{"line":104,"column":8},"end":{"line":104,"column":17}},"47":{"start":{"line":108,"column":19},"end":{"line":121,"column":1}},"48":{"start":{"line":109,"column":4},"end":{"line":120,"column":5}},"49":{"start":{"line":110,"column":31},"end":{"line":110,"column":69}},"50":{"start":{"line":111,"column":29},"end":{"line":111,"column":82}},"51":{"start":{"line":112,"column":8},"end":{"line":112,"column":92}},"52":{"start":{"line":113,"column":8},"end":{"line":113,"column":65}},"53":{"start":{"line":114,"column":8},"end":{"line":114,"column":58}},"54":{"start":{"line":115,"column":8},"end":{"line":115,"column":93}},"55":{"start":{"line":116,"column":8},"end":{"line":116,"column":28}},"56":{"start":{"line":118,"column":8},"end":{"line":118,"column":38}},"57":{"start":{"line":119,"column":8},"end":{"line":119,"column":20}},"58":{"start":{"line":123,"column":0},"end":{"line":129,"column":1}},"59":{"start":{"line":124,"column":4},"end":{"line":128,"column":5}},"60":{"start":{"line":125,"column":8},"end":{"line":125,"column":81}},"61":{"start":{"line":127,"column":8},"end":{"line":127,"column":61}},"62":{"start":{"line":136,"column":0},"end":{"line":143,"column":1}}},"fnMap":{"0":{"name":"(anonymous_0)","decl":{"start":{"line":11,"column":26},"end":{"line":11,"column":27}},"loc":{"start":{"line":11,"column":39},"end":{"line":24,"column":1}},"line":11},"1":{"name":"(anonymous_1)","decl":{"start":{"line":26,"column":25},"end":{"line":26,"column":26}},"loc":{"start":{"line":26,"column":38},"end":{"line":49,"column":1}},"line":26},"2":{"name":"(anonymous_2)","decl":{"start":{"line":28,"column":27},"end":{"line":28,"column":28}},"loc":{"start":{"line":28,"column":37},"end":{"line":42,"column":5}},"line":28},"3":{"name":"(anonymous_3)","decl":{"start":{"line":51,"column":27},"end":{"line":51,"column":28}},"loc":{"start":{"line":51,"column":40},"end":{"line":71,"column":1}},"line":51},"4":{"name":"(anonymous_4)","decl":{"start":{"line":53,"column":26},"end":{"line":53,"column":27}},"loc":{"start":{"line":53,"column":36},"end":{"line":64,"column":5}},"line":53},"5":{"name":"(anonymous_5)","decl":{"start":{"line":73,"column":24},"end":{"line":73,"column":25}},"loc":{"start":{"line":73,"column":37},"end":{"line":95,"column":1}},"line":73},"6":{"name":"(anonymous_6)","decl":{"start":{"line":75,"column":24},"end":{"line":75,"column":25}},"loc":{"start":{"line":75,"column":33},"end":{"line":87,"column":5}},"line":75},"7":{"name":"(anonymous_7)","decl":{"start":{"line":97,"column":26},"end":{"line":97,"column":27}},"loc":{"start":{"line":97,"column":38},"end":{"line":106,"column":1}},"line":97},"8":{"name":"(anonymous_8)","decl":{"start":{"line":108,"column":19},"end":{"line":108,"column":20}},"loc":{"start":{"line":108,"column":34},"end":{"line":121,"column":1}},"line":108},"9":{"name":"(anonymous_9)","decl":{"start":{"line":123,"column":20},"end":{"line":123,"column":21}},"loc":{"start":{"line":123,"column":35},"end":{"line":129,"column":1}},"line":123}},"branchMap":{},"s":{"0":1,"1":1,"2":1,"3":1,"4":1,"5":1,"6":1,"7":1,"8":1,"9":1,"10":0,"11":0,"12":0,"13":0,"14":0,"15":0,"16":1,"17":0,"18":0,"19":0,"20":0,"21":0,"22":0,"23":0,"24":1,"25":0,"26":0,"27":0,"28":0,"29":0,"30":0,"31":0,"32":1,"33":0,"34":0,"35":0,"36":0,"37":0,"38":0,"39":0,"40":0,"41":1,"42":0,"43":0,"44":0,"45":0,"46":0,"47":1,"48":1,"49":1,"50":1,"51":1,"52":1,"53":1,"54":1,"55":1,"56":0,"57":0,"58":1,"59":0,"60":0,"61":0,"62":1},"f":{"0":0,"1":0,"2":0,"3":0,"4":0,"5":0,"6":0,"7":0,"8":1,"9":0},"b":{},"_coverageSchema":"1a1c01bbd47fc00a2c39e90264f33305004495a9","hash":"7eb4584d431c1b1669330448c3c43b33d93c5002"}
,"/home/satyam/Documents/my-projects/code/Order/src/services/orderUpdates.js": {"path":"/home/satyam/Documents/my-projects/code/Order/src/services/orderUpdates.js","statementMap":{"0":{"start":{"line":2,"column":11},"end":{"line":2,"column":34}},"1":{"start":{"line":3,"column":20},"end":{"line":3,"column":32}},"2":{"start":{"line":4,"column":15},"end":{"line":4,"column":24}},"3":{"start":{"line":5,"column":40},"end":{"line":5,"column":42}},"4":{"start":{"line":6,"column":28},"end":{"line":26,"column":1}},"5":{"start":{"line":7,"column":30},"end":{"line":7,"column":33}},"6":{"start":{"line":8,"column":26},"end":{"line":8,"column":29}},"7":{"start":{"line":10,"column":34},"end":{"line":10,"column":88}},"8":{"start":{"line":11,"column":17},"end":{"line":11,"column":38}},"9":{"start":{"line":12,"column":14},"end":{"line":19,"column":5}},"10":{"start":{"line":20,"column":4},"end":{"line":25,"column":5}},"11":{"start":{"line":21,"column":8},"end":{"line":21,"column":50}},"12":{"start":{"line":23,"column":8},"end":{"line":23,"column":55}},"13":{"start":{"line":24,"column":8},"end":{"line":24,"column":75}},"14":{"start":{"line":28,"column":32},"end":{"line":35,"column":1}},"15":{"start":{"line":29,"column":4},"end":{"line":34,"column":5}},"16":{"start":{"line":30,"column":8},"end":{"line":30,"column":87}},"17":{"start":{"line":32,"column":8},"end":{"line":32,"column":57}},"18":{"start":{"line":33,"column":8},"end":{"line":33,"column":75}},"19":{"start":{"line":38,"column":0},"end":{"line":41,"column":1}}},"fnMap":{"0":{"name":"(anonymous_0)","decl":{"start":{"line":6,"column":28},"end":{"line":6,"column":29}},"loc":{"start":{"line":6,"column":41},"end":{"line":26,"column":1}},"line":6},"1":{"name":"(anonymous_1)","decl":{"start":{"line":28,"column":32},"end":{"line":28,"column":33}},"loc":{"start":{"line":28,"column":59},"end":{"line":35,"column":1}},"line":28}},"branchMap":{},"s":{"0":1,"1":1,"2":1,"3":1,"4":1,"5":0,"6":0,"7":0,"8":0,"9":0,"10":0,"11":0,"12":0,"13":0,"14":1,"15":0,"16":0,"17":0,"18":0,"19":1},"f":{"0":0,"1":0},"b":{},"_coverageSchema":"1a1c01bbd47fc00a2c39e90264f33305004495a9","hash":"74fb57c3829a12c384c29e3f78538a9bf3f19cdb"}
,"/home/satyam/Documents/my-projects/code/Order/src/services/shipment.js": {"path":"/home/satyam/Documents/my-projects/code/Order/src/services/shipment.js","statementMap":{"0":{"start":{"line":2,"column":11},"end":{"line":2,"column":34}},"1":{"start":{"line":3,"column":22},"end":{"line":3,"column":51}},"2":{"start":{"line":4,"column":22},"end":{"line":4,"column":54}},"3":{"start":{"line":5,"column":26},"end":{"line":5,"column":62}},"4":{"start":{"line":6,"column":32},"end":{"line":6,"column":34}},"5":{"start":{"line":8,"column":23},"end":{"line":18,"column":1}},"6":{"start":{"line":20,"column":27},"end":{"line":28,"column":1}},"7":{"start":{"line":21,"column":4},"end":{"line":27,"column":5}},"8":{"start":{"line":22,"column":36},"end":{"line":22,"column":116}},"9":{"start":{"line":23,"column":8},"end":{"line":23,"column":85}},"10":{"start":{"line":24,"column":8},"end":{"line":24,"column":34}},"11":{"start":{"line":26,"column":8},"end":{"line":26,"column":34}},"12":{"start":{"line":30,"column":26},"end":{"line":32,"column":1}},"13":{"start":{"line":34,"column":17},"end":{"line":92,"column":1}},"14":{"start":{"line":36,"column":8},"end":{"line":40,"column":9}},"15":{"start":{"line":37,"column":12},"end":{"line":37,"column":134}},"16":{"start":{"line":39,"column":12},"end":{"line":39,"column":62}},"17":{"start":{"line":43,"column":25},"end":{"line":43,"column":50}},"18":{"start":{"line":44,"column":26},"end":{"line":44,"column":41}},"19":{"start":{"line":46,"column":8},"end":{"line":72,"column":9}},"20":{"start":{"line":48,"column":12},"end":{"line":58,"column":13}},"21":{"start":{"line":50,"column":45},"end":{"line":50,"column":107}},"22":{"start":{"line":51,"column":16},"end":{"line":51,"column":76}},"23":{"start":{"line":52,"column":16},"end":{"line":57,"column":18}},"24":{"start":{"line":60,"column":38},"end":{"line":60,"column":91}},"25":{"start":{"line":61,"column":24},"end":{"line":64,"column":13}},"26":{"start":{"line":65,"column":12},"end":{"line":65,"column":56}},"27":{"start":{"line":68,"column":12},"end":{"line":68,"column":37}},"28":{"start":{"line":70,"column":12},"end":{"line":70,"column":40}},"29":{"start":{"line":71,"column":12},"end":{"line":71,"column":22}},"30":{"start":{"line":75,"column":58},"end":{"line":75,"column":70}},"31":{"start":{"line":76,"column":26},"end":{"line":80,"column":9}},"32":{"start":{"line":81,"column":24},"end":{"line":81,"column":49}},"33":{"start":{"line":83,"column":8},"end":{"line":90,"column":9}},"34":{"start":{"line":85,"column":12},"end":{"line":85,"column":73}},"35":{"start":{"line":88,"column":12},"end":{"line":88,"column":40}},"36":{"start":{"line":89,"column":12},"end":{"line":89,"column":21}},"37":{"start":{"line":94,"column":0},"end":{"line":98,"column":1}}},"fnMap":{"0":{"name":"(anonymous_0)","decl":{"start":{"line":20,"column":27},"end":{"line":20,"column":28}},"loc":{"start":{"line":20,"column":44},"end":{"line":28,"column":1}},"line":20},"1":{"name":"(anonymous_1)","decl":{"start":{"line":30,"column":26},"end":{"line":30,"column":27}},"loc":{"start":{"line":30,"column":30},"end":{"line":32,"column":1}},"line":30},"2":{"name":"(anonymous_2)","decl":{"start":{"line":35,"column":16},"end":{"line":35,"column":17}},"loc":{"start":{"line":35,"column":35},"end":{"line":41,"column":5}},"line":35},"3":{"name":"(anonymous_3)","decl":{"start":{"line":42,"column":17},"end":{"line":42,"column":18}},"loc":{"start":{"line":42,"column":45},"end":{"line":73,"column":5}},"line":42},"4":{"name":"(anonymous_4)","decl":{"start":{"line":74,"column":11},"end":{"line":74,"column":12}},"loc":{"start":{"line":74,"column":34},"end":{"line":91,"column":5}},"line":74}},"branchMap":{"0":{"loc":{"start":{"line":48,"column":12},"end":{"line":58,"column":13}},"type":"if","locations":[{"start":{"line":48,"column":12},"end":{"line":58,"column":13}},{"start":{},"end":{}}],"line":48}},"s":{"0":1,"1":1,"2":1,"3":1,"4":1,"5":1,"6":1,"7":0,"8":0,"9":0,"10":0,"11":0,"12":1,"13":1,"14":0,"15":0,"16":0,"17":0,"18":0,"19":0,"20":0,"21":0,"22":0,"23":0,"24":0,"25":0,"26":0,"27":0,"28":0,"29":0,"30":0,"31":0,"32":0,"33":0,"34":0,"35":0,"36":0,"37":1},"f":{"0":0,"1":0,"2":0,"3":0,"4":0},"b":{"0":[0,0]},"_coverageSchema":"1a1c01bbd47fc00a2c39e90264f33305004495a9","hash":"27a6c83827d1625d7edff52ebfa64d24147dbb0f"}
,"/home/satyam/Documents/my-projects/code/Order/src/utilities/cart.js": {"path":"/home/satyam/Documents/my-projects/code/Order/src/utilities/cart.js","statementMap":{"0":{"start":{"line":1,"column":13},"end":{"line":1,"column":41}},"1":{"start":{"line":2,"column":11},"end":{"line":2,"column":34}},"2":{"start":{"line":3,"column":47},"end":{"line":3,"column":49}},"3":{"start":{"line":4,"column":24},"end":{"line":4,"column":63}},"4":{"start":{"line":5,"column":17},"end":{"line":22,"column":1}},"5":{"start":{"line":7,"column":8},"end":{"line":7,"column":49}},"6":{"start":{"line":8,"column":24},"end":{"line":8,"column":55}},"7":{"start":{"line":9,"column":8},"end":{"line":13,"column":9}},"8":{"start":{"line":10,"column":26},"end":{"line":10,"column":87}},"9":{"start":{"line":11,"column":12},"end":{"line":11,"column":32}},"10":{"start":{"line":12,"column":12},"end":{"line":12,"column":25}},"11":{"start":{"line":14,"column":8},"end":{"line":14,"column":25}},"12":{"start":{"line":18,"column":8},"end":{"line":18,"column":49}},"13":{"start":{"line":19,"column":24},"end":{"line":19,"column":81}},"14":{"start":{"line":20,"column":8},"end":{"line":20,"column":25}},"15":{"start":{"line":23,"column":26},"end":{"line":54,"column":1}},"16":{"start":{"line":25,"column":4},"end":{"line":52,"column":5}},"17":{"start":{"line":25,"column":14},"end":{"line":25,"column":15}},"18":{"start":{"line":26,"column":26},"end":{"line":26,"column":41}},"19":{"start":{"line":27,"column":26},"end":{"line":27,"column":37}},"20":{"start":{"line":28,"column":24},"end":{"line":28,"column":46}},"21":{"start":{"line":29,"column":25},"end":{"line":29,"column":83}},"22":{"start":{"line":30,"column":81},"end":{"line":30,"column":99}},"23":{"start":{"line":32,"column":8},"end":{"line":35,"column":10}},"24":{"start":{"line":37,"column":8},"end":{"line":50,"column":9}},"25":{"start":{"line":38,"column":33},"end":{"line":38,"column":76}},"26":{"start":{"line":40,"column":39},"end":{"line":44,"column":14}},"27":{"start":{"line":41,"column":77},"end":{"line":41,"column":84}},"28":{"start":{"line":42,"column":16},"end":{"line":42,"column":84}},"29":{"start":{"line":43,"column":16},"end":{"line":43,"column":68}},"30":{"start":{"line":46,"column":12},"end":{"line":46,"column":52}},"31":{"start":{"line":48,"column":12},"end":{"line":48,"column":38}},"32":{"start":{"line":49,"column":12},"end":{"line":49,"column":33}},"33":{"start":{"line":53,"column":4},"end":{"line":53,"column":51}},"34":{"start":{"line":56,"column":0},"end":{"line":59,"column":1}}},"fnMap":{"0":{"name":"(anonymous_0)","decl":{"start":{"line":6,"column":8},"end":{"line":6,"column":9}},"loc":{"start":{"line":6,"column":29},"end":{"line":15,"column":5}},"line":6},"1":{"name":"(anonymous_1)","decl":{"start":{"line":17,"column":11},"end":{"line":17,"column":12}},"loc":{"start":{"line":17,"column":39},"end":{"line":21,"column":5}},"line":17},"2":{"name":"(anonymous_2)","decl":{"start":{"line":23,"column":26},"end":{"line":23,"column":27}},"loc":{"start":{"line":23,"column":53},"end":{"line":54,"column":1}},"line":23},"3":{"name":"(anonymous_3)","decl":{"start":{"line":40,"column":67},"end":{"line":40,"column":68}},"loc":{"start":{"line":40,"column":78},"end":{"line":44,"column":13}},"line":40}},"branchMap":{"0":{"loc":{"start":{"line":9,"column":8},"end":{"line":13,"column":9}},"type":"if","locations":[{"start":{"line":9,"column":8},"end":{"line":13,"column":9}},{"start":{},"end":{}}],"line":9}},"s":{"0":2,"1":2,"2":2,"3":2,"4":2,"5":3,"6":3,"7":3,"8":1,"9":1,"10":1,"11":2,"12":1,"13":1,"14":1,"15":2,"16":2,"17":2,"18":2,"19":2,"20":2,"21":2,"22":2,"23":2,"24":2,"25":2,"26":2,"27":10,"28":10,"29":10,"30":2,"31":0,"32":0,"33":2,"34":2},"f":{"0":3,"1":1,"2":2,"3":10},"b":{"0":[1,2]},"_coverageSchema":"1a1c01bbd47fc00a2c39e90264f33305004495a9","hash":"8ff2e813520198b1fd5228f167574aa598c6a12e"}
,"/home/satyam/Documents/my-projects/code/Order/src/utilities/messageQueue.js": {"path":"/home/satyam/Documents/my-projects/code/Order/src/utilities/messageQueue.js","statementMap":{"0":{"start":{"line":1,"column":18},"end":{"line":1,"column":36}},"1":{"start":{"line":2,"column":21},"end":{"line":2,"column":42}},"2":{"start":{"line":3,"column":17},"end":{"line":3,"column":45}},"3":{"start":{"line":4,"column":16},"end":{"line":11,"column":1}},"4":{"start":{"line":5,"column":3},"end":{"line":10,"column":4}},"5":{"start":{"line":6,"column":8},"end":{"line":6,"column":49}},"6":{"start":{"line":7,"column":8},"end":{"line":7,"column":45}},"7":{"start":{"line":9,"column":7},"end":{"line":9,"column":43}},"8":{"start":{"line":13,"column":15},"end":{"line":33,"column":1}},"9":{"start":{"line":15,"column":8},"end":{"line":21,"column":9}},"10":{"start":{"line":16,"column":28},"end":{"line":16,"column":66}},"11":{"start":{"line":17,"column":12},"end":{"line":17,"column":56}},"12":{"start":{"line":18,"column":12},"end":{"line":18,"column":69}},"13":{"start":{"line":20,"column":12},"end":{"line":20,"column":21}},"14":{"start":{"line":24,"column":8},"end":{"line":30,"column":9}},"15":{"start":{"line":25,"column":28},"end":{"line":25,"column":89}},"16":{"start":{"line":26,"column":12},"end":{"line":26,"column":45}},"17":{"start":{"line":27,"column":12},"end":{"line":27,"column":62}},"18":{"start":{"line":29,"column":12},"end":{"line":29,"column":22}},"19":{"start":{"line":34,"column":0},"end":{"line":37,"column":1}}},"fnMap":{"0":{"name":"(anonymous_0)","decl":{"start":{"line":4,"column":16},"end":{"line":4,"column":17}},"loc":{"start":{"line":4,"column":28},"end":{"line":11,"column":1}},"line":4},"1":{"name":"(anonymous_1)","decl":{"start":{"line":14,"column":10},"end":{"line":14,"column":11}},"loc":{"start":{"line":14,"column":39},"end":{"line":22,"column":5}},"line":14},"2":{"name":"(anonymous_2)","decl":{"start":{"line":23,"column":16},"end":{"line":23,"column":17}},"loc":{"start":{"line":23,"column":66},"end":{"line":32,"column":5}},"line":23}},"branchMap":{},"s":{"0":2,"1":2,"2":2,"3":2,"4":0,"5":0,"6":0,"7":0,"8":2,"9":0,"10":0,"11":0,"12":0,"13":0,"14":0,"15":0,"16":0,"17":0,"18":0,"19":2},"f":{"0":0,"1":0,"2":0},"b":{},"_coverageSchema":"1a1c01bbd47fc00a2c39e90264f33305004495a9","hash":"78abbe2c763a4919499b020302953dd186d7a13f"}
,"/home/satyam/Documents/my-projects/code/Order/src/utilities/order.js": {"path":"/home/satyam/Documents/my-projects/code/Order/src/utilities/order.js","statementMap":{"0":{"start":{"line":1,"column":11},"end":{"line":1,"column":34}},"1":{"start":{"line":2,"column":18},"end":{"line":2,"column":43}},"2":{"start":{"line":3,"column":45},"end":{"line":3,"column":47}},"3":{"start":{"line":4,"column":13},"end":{"line":4,"column":25}},"4":{"start":{"line":5,"column":14},"end":{"line":39,"column":1}},"5":{"start":{"line":9,"column":23},"end":{"line":9,"column":35}},"6":{"start":{"line":10,"column":20},"end":{"line":16,"column":9}},"7":{"start":{"line":17,"column":8},"end":{"line":23,"column":9}},"8":{"start":{"line":18,"column":12},"end":{"line":18,"column":46}},"9":{"start":{"line":20,"column":26},"end":{"line":20,"column":66}},"10":{"start":{"line":21,"column":12},"end":{"line":21,"column":32}},"11":{"start":{"line":22,"column":12},"end":{"line":22,"column":25}},"12":{"start":{"line":26,"column":23},"end":{"line":26,"column":35}},"13":{"start":{"line":27,"column":8},"end":{"line":30,"column":10}},"14":{"start":{"line":33,"column":32},"end":{"line":33,"column":35}},"15":{"start":{"line":34,"column":23},"end":{"line":34,"column":35}},"16":{"start":{"line":35,"column":24},"end":{"line":35,"column":39}},"17":{"start":{"line":36,"column":8},"end":{"line":36,"column":58}},"18":{"start":{"line":41,"column":30},"end":{"line":56,"column":1}},"19":{"start":{"line":43,"column":8},"end":{"line":48,"column":9}},"20":{"start":{"line":44,"column":29},"end":{"line":44,"column":47}},"21":{"start":{"line":45,"column":12},"end":{"line":45,"column":55}},"22":{"start":{"line":47,"column":12},"end":{"line":47,"column":66}},"23":{"start":{"line":51,"column":8},"end":{"line":54,"column":10}},"24":{"start":{"line":58,"column":25},"end":{"line":62,"column":1}},"25":{"start":{"line":60,"column":8},"end":{"line":60,"column":89}},"26":{"start":{"line":64,"column":25},"end":{"line":72,"column":1}},"27":{"start":{"line":66,"column":8},"end":{"line":70,"column":9}},"28":{"start":{"line":67,"column":12},"end":{"line":67,"column":34}},"29":{"start":{"line":69,"column":12},"end":{"line":69,"column":40}},"30":{"start":{"line":74,"column":0},"end":{"line":79,"column":1}}},"fnMap":{"0":{"name":"(anonymous_0)","decl":{"start":{"line":7,"column":11},"end":{"line":7,"column":12}},"loc":{"start":{"line":7,"column":35},"end":{"line":24,"column":5}},"line":7},"1":{"name":"(anonymous_1)","decl":{"start":{"line":25,"column":15},"end":{"line":25,"column":16}},"loc":{"start":{"line":25,"column":34},"end":{"line":31,"column":5}},"line":25},"2":{"name":"(anonymous_2)","decl":{"start":{"line":32,"column":18},"end":{"line":32,"column":19}},"loc":{"start":{"line":32,"column":37},"end":{"line":37,"column":5}},"line":32},"3":{"name":"(anonymous_3)","decl":{"start":{"line":42,"column":10},"end":{"line":42,"column":11}},"loc":{"start":{"line":42,"column":32},"end":{"line":49,"column":5}},"line":42},"4":{"name":"(anonymous_4)","decl":{"start":{"line":50,"column":41},"end":{"line":50,"column":42}},"loc":{"start":{"line":50,"column":57},"end":{"line":55,"column":5}},"line":50},"5":{"name":"(anonymous_5)","decl":{"start":{"line":59,"column":12},"end":{"line":59,"column":13}},"loc":{"start":{"line":59,"column":37},"end":{"line":61,"column":5}},"line":59},"6":{"name":"(anonymous_6)","decl":{"start":{"line":65,"column":9},"end":{"line":65,"column":10}},"loc":{"start":{"line":65,"column":32},"end":{"line":71,"column":5}},"line":65}},"branchMap":{},"s":{"0":3,"1":3,"2":3,"3":3,"4":3,"5":3,"6":3,"7":3,"8":3,"9":1,"10":1,"11":1,"12":1,"13":1,"14":1,"15":1,"16":1,"17":1,"18":3,"19":3,"20":3,"21":3,"22":1,"23":0,"24":3,"25":0,"26":3,"27":0,"28":0,"29":0,"30":3},"f":{"0":3,"1":1,"2":1,"3":3,"4":0,"5":0,"6":0},"b":{},"_coverageSchema":"1a1c01bbd47fc00a2c39e90264f33305004495a9","hash":"0fcea62b27992e0cb55e2927e686d700e77b2ddc"}
,"/home/satyam/Documents/my-projects/code/Order/src/utilities/shipment.js": {"path":"/home/satyam/Documents/my-projects/code/Order/src/utilities/shipment.js","statementMap":{"0":{"start":{"line":1,"column":11},"end":{"line":1,"column":34}},"1":{"start":{"line":2,"column":21},"end":{"line":2,"column":49}},"2":{"start":{"line":3,"column":45},"end":{"line":3,"column":47}},"3":{"start":{"line":4,"column":20},"end":{"line":16,"column":1}},"4":{"start":{"line":7,"column":34},"end":{"line":7,"column":36}},"5":{"start":{"line":8,"column":8},"end":{"line":12,"column":10}},"6":{"start":{"line":9,"column":12},"end":{"line":9,"column":60}},"7":{"start":{"line":10,"column":32},"end":{"line":10,"column":107}},"8":{"start":{"line":11,"column":12},"end":{"line":11,"column":51}},"9":{"start":{"line":14,"column":8},"end":{"line":14,"column":46}},"10":{"start":{"line":18,"column":17},"end":{"line":33,"column":1}},"11":{"start":{"line":20,"column":8},"end":{"line":24,"column":9}},"12":{"start":{"line":21,"column":12},"end":{"line":21,"column":84}},"13":{"start":{"line":23,"column":12},"end":{"line":23,"column":59}},"14":{"start":{"line":27,"column":8},"end":{"line":31,"column":9}},"15":{"start":{"line":28,"column":12},"end":{"line":28,"column":69}},"16":{"start":{"line":30,"column":12},"end":{"line":30,"column":70}},"17":{"start":{"line":36,"column":0},"end":{"line":39,"column":1}}},"fnMap":{"0":{"name":"(anonymous_0)","decl":{"start":{"line":5,"column":23},"end":{"line":5,"column":24}},"loc":{"start":{"line":5,"column":58},"end":{"line":15,"column":5}},"line":5},"1":{"name":"(anonymous_1)","decl":{"start":{"line":8,"column":29},"end":{"line":8,"column":30}},"loc":{"start":{"line":8,"column":36},"end":{"line":12,"column":9}},"line":8},"2":{"name":"(anonymous_2)","decl":{"start":{"line":19,"column":18},"end":{"line":19,"column":19}},"loc":{"start":{"line":19,"column":45},"end":{"line":25,"column":5}},"line":19},"3":{"name":"(anonymous_3)","decl":{"start":{"line":26,"column":21},"end":{"line":26,"column":22}},"loc":{"start":{"line":26,"column":42},"end":{"line":32,"column":5}},"line":26}},"branchMap":{},"s":{"0":4,"1":4,"2":4,"3":4,"4":0,"5":0,"6":0,"7":0,"8":0,"9":0,"10":4,"11":2,"12":2,"13":0,"14":2,"15":2,"16":0,"17":4},"f":{"0":0,"1":0,"2":2,"3":2},"b":{},"_coverageSchema":"1a1c01bbd47fc00a2c39e90264f33305004495a9","hash":"202f8c37cde86d7b6d49378b4e31abe029339f08"}
}
