TN:
SF:config/config.js
FNF:0
FNH:0
DA:2,5
DA:4,5
LF:2
LH:2
BRF:0
BRH:0
end_of_record
TN:
SF:models/DeliveredOrders.js
FN:5,(anonymous_0)
FN:12,(anonymous_1)
FNF:2
FNH:2
FNDA:5,(anonymous_0)
FNDA:5,(anonymous_1)
DA:4,5
DA:5,5
DA:14,5
DA:17,5
DA:44,5
LF:5
LH:5
BRF:0
BRH:0
end_of_record
TN:
SF:models/OrderDetails.js
FN:5,(anonymous_0)
FN:12,(anonymous_1)
FNF:2
FNH:2
FNDA:5,(anonymous_0)
FNDA:5,(anonymous_1)
DA:4,5
DA:5,5
DA:16,5
DA:70,5
LF:4
LH:4
BRF:0
BRH:0
end_of_record
TN:
SF:models/OrderParticulars.js
FN:6,(anonymous_0)
FN:13,(anonymous_1)
FNF:2
FNH:2
FNDA:5,(anonymous_0)
FNDA:5,(anonymous_1)
DA:2,5
DA:5,5
DA:6,5
DA:15,5
DA:16,5
DA:20,5
DA:61,5
LF:7
LH:7
BRF:0
BRH:0
end_of_record
TN:
SF:models/OrderQuanity.js
FN:6,(anonymous_0)
FN:13,(anonymous_1)
FNF:2
FNH:2
FNDA:5,(anonymous_0)
FNDA:5,(anonymous_1)
DA:2,5
DA:5,5
DA:6,5
DA:15,5
DA:19,5
DA:58,5
LF:6
LH:6
BRF:0
BRH:0
end_of_record
TN:
SF:models/OrderServiceDetails.js
FN:5,(anonymous_0)
FN:12,(anonymous_1)
FNF:2
FNH:2
FNDA:5,(anonymous_0)
FNDA:5,(anonymous_1)
DA:4,5
DA:5,5
DA:14,5
DA:15,5
DA:16,5
DA:19,5
DA:70,5
LF:7
LH:7
BRF:0
BRH:0
end_of_record
TN:
SF:models/OrderServices.js
FN:5,(anonymous_0)
FN:12,(anonymous_1)
FNF:2
FNH:2
FNDA:5,(anonymous_0)
FNDA:5,(anonymous_1)
DA:4,5
DA:5,5
DA:14,5
DA:15,5
DA:16,5
DA:17,5
DA:21,5
DA:81,5
LF:8
LH:8
BRF:0
BRH:0
end_of_record
TN:
SF:models/OrderShipment.js
FN:5,(anonymous_0)
FN:12,(anonymous_1)
FNF:2
FNH:2
FNDA:5,(anonymous_0)
FNDA:5,(anonymous_1)
DA:4,5
DA:5,5
DA:16,5
DA:61,5
LF:4
LH:4
BRF:0
BRH:0
end_of_record
TN:
SF:models/OrderUpdates.js
FN:5,(anonymous_0)
FN:12,(anonymous_1)
FNF:2
FNH:2
FNDA:5,(anonymous_0)
FNDA:5,(anonymous_1)
DA:4,5
DA:5,5
DA:16,5
DA:41,5
LF:4
LH:4
BRF:0
BRH:0
end_of_record
TN:
SF:models/Orders.js
FN:5,(anonymous_0)
FN:12,(anonymous_1)
FNF:2
FNH:2
FNDA:5,(anonymous_0)
FNDA:5,(anonymous_1)
DA:4,5
DA:5,5
DA:14,5
DA:15,5
DA:19,5
DA:57,5
LF:6
LH:6
BRF:0
BRH:0
end_of_record
TN:
SF:models/index.js
FN:23,(anonymous_0)
FN:26,(anonymous_1)
FN:31,(anonymous_2)
FNF:3
FNH:3
FNDA:55,(anonymous_0)
FNDA:45,(anonymous_1)
FNDA:45,(anonymous_2)
DA:3,5
DA:4,5
DA:5,5
DA:6,5
DA:7,5
DA:8,5
DA:9,5
DA:10,5
DA:12,5
DA:13,0
DA:15,5
DA:21,5
DA:24,55
DA:27,45
DA:28,45
DA:31,5
DA:32,45
DA:33,45
DA:37,5
DA:38,5
DA:39,5
LF:21
LH:20
BRDA:7,0,0,5
BRDA:7,0,1,0
BRDA:12,1,0,0
BRDA:12,1,1,5
BRDA:24,2,0,55
BRDA:24,2,1,55
BRDA:24,2,2,50
BRDA:32,3,0,45
BRDA:32,3,1,0
BRF:9
BRH:6
end_of_record
TN:
SF:src/controllers/index.controller.js
FNF:0
FNH:0
DA:1,1
DA:2,1
DA:3,1
LF:3
LH:3
BRF:0
BRH:0
end_of_record
TN:
SF:src/controllers/order.controller.js
FN:23,(anonymous_0)
FN:27,(anonymous_1)
FN:40,(anonymous_2)
FN:45,(anonymous_3)
FN:69,(anonymous_4)
FN:70,(anonymous_5)
FN:89,(anonymous_6)
FN:103,(anonymous_7)
FN:131,(anonymous_8)
FN:151,(anonymous_9)
FN:162,(anonymous_10)
FN:183,(anonymous_11)
FN:204,(anonymous_12)
FN:208,(anonymous_13)
FN:212,(anonymous_14)
FN:231,(anonymous_15)
FN:242,(anonymous_16)
FN:255,(anonymous_17)
FN:258,(anonymous_18)
FN:275,(anonymous_19)
FN:277,(anonymous_20)
FN:295,(anonymous_21)
FN:311,(anonymous_22)
FN:323,(anonymous_23)
FN:333,(anonymous_24)
FNF:25
FNH:5
FNDA:0,(anonymous_0)
FNDA:1,(anonymous_1)
FNDA:3,(anonymous_2)
FNDA:3,(anonymous_3)
FNDA:1,(anonymous_4)
FNDA:1,(anonymous_5)
FNDA:0,(anonymous_6)
FNDA:0,(anonymous_7)
FNDA:0,(anonymous_8)
FNDA:0,(anonymous_9)
FNDA:0,(anonymous_10)
FNDA:0,(anonymous_11)
FNDA:0,(anonymous_12)
FNDA:0,(anonymous_13)
FNDA:0,(anonymous_14)
FNDA:0,(anonymous_15)
FNDA:0,(anonymous_16)
FNDA:0,(anonymous_17)
FNDA:0,(anonymous_18)
FNDA:0,(anonymous_19)
FNDA:0,(anonymous_20)
FNDA:0,(anonymous_21)
FNDA:0,(anonymous_22)
FNDA:0,(anonymous_23)
FNDA:0,(anonymous_24)
DA:9,1
DA:10,1
DA:11,1
DA:12,1
DA:13,1
DA:14,1
DA:15,1
DA:17,1
DA:18,1
DA:19,1
DA:20,1
DA:21,1
DA:23,1
DA:24,0
DA:27,1
DA:29,1
DA:30,1
DA:31,1
DA:33,0
DA:34,0
DA:40,1
DA:43,3
DA:45,3
DA:46,3
DA:52,3
DA:55,3
DA:56,3
DA:57,2
DA:58,1
DA:60,1
DA:64,1
DA:65,1
DA:69,1
DA:70,1
DA:71,1
DA:72,1
DA:77,1
DA:80,1
DA:81,1
DA:82,1
DA:84,0
DA:85,0
DA:89,1
DA:90,0
DA:91,0
DA:93,0
DA:97,0
DA:99,0
DA:103,1
DA:106,0
DA:107,0
DA:109,0
DA:119,0
DA:120,0
DA:121,0
DA:123,0
DA:131,1
DA:132,0
DA:134,0
DA:143,0
DA:144,0
DA:145,0
DA:147,0
DA:151,1
DA:152,0
DA:153,0
DA:154,0
DA:155,0
DA:157,0
DA:158,0
DA:162,1
DA:163,0
DA:164,0
DA:168,0
DA:169,0
DA:170,0
DA:171,0
DA:173,0
DA:174,0
DA:183,1
DA:184,0
DA:185,0
DA:186,0
DA:195,0
DA:197,0
DA:204,1
DA:208,1
DA:212,1
DA:213,0
DA:215,0
DA:218,0
DA:222,0
DA:223,0
DA:224,0
DA:226,0
DA:227,0
DA:231,1
DA:232,0
DA:233,0
DA:234,0
DA:236,0
DA:237,0
DA:242,1
DA:244,0
DA:245,0
DA:246,0
DA:247,0
DA:248,0
DA:249,0
DA:251,0
DA:252,0
DA:255,1
DA:257,0
DA:258,0
DA:259,0
DA:265,0
DA:266,0
DA:267,0
DA:270,0
DA:271,0
DA:275,1
DA:276,0
DA:277,0
DA:278,0
DA:286,0
DA:287,0
DA:288,0
DA:290,0
DA:295,1
DA:296,0
DA:299,0
DA:303,0
DA:304,0
DA:305,0
DA:307,0
DA:311,1
DA:313,0
DA:314,0
DA:315,0
DA:316,0
DA:318,0
DA:323,1
DA:324,0
DA:325,0
DA:326,0
DA:328,0
DA:333,1
DA:334,0
DA:335,0
DA:337,0
DA:339,0
DA:344,1
LF:152
LH:55
BRDA:57,0,0,1
BRDA:57,0,1,1
BRF:2
BRH:2
end_of_record
TN:
SF:src/controllers/shipment.controller.js
FN:3,(anonymous_0)
FN:11,(anonymous_1)
FN:19,(anonymous_2)
FN:23,(anonymous_3)
FN:30,(anonymous_4)
FN:59,(anonymous_5)
FN:68,(anonymous_6)
FN:80,(anonymous_7)
FN:89,(anonymous_8)
FN:120,(anonymous_9)
FNF:10
FNH:0
FNDA:0,(anonymous_0)
FNDA:0,(anonymous_1)
FNDA:0,(anonymous_2)
FNDA:0,(anonymous_3)
FNDA:0,(anonymous_4)
FNDA:0,(anonymous_5)
FNDA:0,(anonymous_6)
FNDA:0,(anonymous_7)
FNDA:0,(anonymous_8)
FNDA:0,(anonymous_9)
DA:1,1
DA:2,1
DA:3,1
DA:4,0
DA:5,0
DA:6,0
DA:8,0
DA:11,1
DA:12,0
DA:13,0
DA:19,1
DA:20,0
DA:21,0
DA:23,0
DA:24,0
DA:25,0
DA:27,0
DA:30,0
DA:31,0
DA:32,0
DA:36,0
DA:37,0
DA:38,0
DA:39,0
DA:48,0
DA:49,0
DA:50,0
DA:51,0
DA:52,0
DA:54,0
DA:59,1
DA:60,0
DA:61,0
DA:62,0
DA:64,0
DA:68,1
DA:69,0
DA:70,0
DA:71,0
DA:73,0
DA:80,1
DA:81,0
DA:82,0
DA:83,0
DA:85,0
DA:89,1
DA:90,0
DA:91,0
DA:92,0
DA:93,0
DA:94,0
DA:96,0
DA:103,0
DA:105,0
DA:108,0
DA:111,0
DA:112,0
DA:120,1
DA:121,0
DA:122,0
DA:124,0
DA:125,0
DA:127,0
DA:133,1
LF:64
LH:11
BRDA:31,0,0,0
BRDA:31,0,1,0
BRDA:36,1,0,0
BRDA:36,1,1,0
BRDA:93,2,0,0
BRDA:93,2,1,0
BRF:6
BRH:0
end_of_record
TN:
SF:src/event-emitters/index.js
FNF:0
FNH:0
DA:1,1
DA:2,1
DA:3,1
LF:3
LH:3
BRF:0
BRH:0
end_of_record
TN:
SF:src/services/axios.js
FN:17,(anonymous_0)
FN:22,(anonymous_1)
FN:26,(anonymous_2)
FN:29,(anonymous_3)
FN:33,(anonymous_4)
FN:37,(anonymous_5)
FNF:6
FNH:4
FNDA:6,(anonymous_0)
FNDA:5,(anonymous_1)
FNDA:0,(anonymous_2)
FNDA:0,(anonymous_3)
FNDA:1,(anonymous_4)
FNDA:6,(anonymous_5)
DA:1,5
DA:2,5
DA:13,5
DA:17,5
DA:18,6
DA:19,6
DA:22,5
DA:23,5
DA:26,5
DA:27,0
DA:29,5
DA:30,0
DA:33,5
DA:34,1
DA:37,5
DA:38,6
DA:39,6
DA:41,6
DA:44,5
LF:19
LH:17
BRDA:22,0,0,5
BRDA:38,1,0,6
BRDA:38,1,1,0
BRF:3
BRH:2
end_of_record
TN:
SF:src/services/index.js
FNF:0
FNH:0
LF:0
LH:0
BRF:0
BRH:0
end_of_record
TN:
SF:src/services/merchant-service.js
FN:4,(anonymous_0)
FN:9,(anonymous_1)
FNF:2
FNH:1
FNDA:0,(anonymous_0)
FNDA:2,(anonymous_1)
DA:1,2
DA:2,2
DA:10,2
DA:11,2
DA:12,2
DA:16,2
LF:6
LH:6
BRF:0
BRH:0
end_of_record
TN:
SF:src/services/order.js
FN:11,(anonymous_0)
FN:26,(anonymous_1)
FN:28,(anonymous_2)
FN:51,(anonymous_3)
FN:53,(anonymous_4)
FN:73,(anonymous_5)
FN:75,(anonymous_6)
FN:97,(anonymous_7)
FN:108,(anonymous_8)
FN:123,(anonymous_9)
FNF:10
FNH:1
FNDA:0,(anonymous_0)
FNDA:0,(anonymous_1)
FNDA:0,(anonymous_2)
FNDA:0,(anonymous_3)
FNDA:0,(anonymous_4)
FNDA:0,(anonymous_5)
FNDA:0,(anonymous_6)
FNDA:0,(anonymous_7)
FNDA:1,(anonymous_8)
FNDA:0,(anonymous_9)
DA:2,1
DA:3,1
DA:4,1
DA:5,1
DA:6,1
DA:7,1
DA:8,1
DA:9,1
DA:10,1
DA:11,1
DA:12,0
DA:13,0
DA:14,0
DA:19,0
DA:21,0
DA:22,0
DA:26,1
DA:27,0
DA:28,0
DA:29,0
DA:43,0
DA:44,0
DA:46,0
DA:47,0
DA:51,1
DA:52,0
DA:53,0
DA:54,0
DA:65,0
DA:66,0
DA:68,0
DA:69,0
DA:73,1
DA:74,0
DA:75,0
DA:77,0
DA:86,0
DA:89,0
DA:90,0
DA:91,0
DA:93,0
DA:97,1
DA:98,0
DA:99,0
DA:100,0
DA:101,0
DA:104,0
DA:108,1
DA:109,1
DA:110,1
DA:111,1
DA:112,1
DA:113,1
DA:114,1
DA:115,1
DA:116,1
DA:118,0
DA:119,0
DA:123,1
DA:124,0
DA:125,0
DA:127,0
DA:136,1
LF:63
LH:25
BRF:0
BRH:0
end_of_record
TN:
SF:src/services/orderUpdates.js
FN:6,(anonymous_0)
FN:28,(anonymous_1)
FNF:2
FNH:0
FNDA:0,(anonymous_0)
FNDA:0,(anonymous_1)
DA:2,1
DA:3,1
DA:4,1
DA:5,1
DA:6,1
DA:7,0
DA:8,0
DA:10,0
DA:11,0
DA:12,0
DA:20,0
DA:21,0
DA:23,0
DA:24,0
DA:28,1
DA:29,0
DA:30,0
DA:32,0
DA:33,0
DA:38,1
LF:20
LH:7
BRF:0
BRH:0
end_of_record
TN:
SF:src/services/shipment.js
FN:20,(anonymous_0)
FN:30,(anonymous_1)
FN:35,(anonymous_2)
FN:42,(anonymous_3)
FN:74,(anonymous_4)
FNF:5
FNH:0
FNDA:0,(anonymous_0)
FNDA:0,(anonymous_1)
FNDA:0,(anonymous_2)
FNDA:0,(anonymous_3)
FNDA:0,(anonymous_4)
DA:2,1
DA:3,1
DA:4,1
DA:5,1
DA:6,1
DA:8,1
DA:20,1
DA:21,0
DA:22,0
DA:23,0
DA:24,0
DA:26,0
DA:30,1
DA:34,1
DA:36,0
DA:37,0
DA:39,0
DA:43,0
DA:44,0
DA:46,0
DA:48,0
DA:50,0
DA:51,0
DA:52,0
DA:60,0
DA:61,0
DA:65,0
DA:68,0
DA:70,0
DA:71,0
DA:75,0
DA:76,0
DA:81,0
DA:83,0
DA:85,0
DA:88,0
DA:89,0
DA:94,1
LF:38
LH:10
BRDA:48,0,0,0
BRDA:48,0,1,0
BRF:2
BRH:0
end_of_record
TN:
SF:src/utilities/cart.js
FN:6,(anonymous_0)
FN:17,(anonymous_1)
FN:23,(anonymous_2)
FN:40,(anonymous_3)
FNF:4
FNH:4
FNDA:3,(anonymous_0)
FNDA:1,(anonymous_1)
FNDA:2,(anonymous_2)
FNDA:10,(anonymous_3)
DA:1,2
DA:2,2
DA:3,2
DA:4,2
DA:5,2
DA:7,3
DA:8,3
DA:9,3
DA:10,1
DA:11,1
DA:12,1
DA:14,2
DA:18,1
DA:19,1
DA:20,1
DA:23,2
DA:25,2
DA:26,2
DA:27,2
DA:28,2
DA:29,2
DA:30,2
DA:32,2
DA:37,2
DA:38,2
DA:40,2
DA:41,10
DA:42,10
DA:43,10
DA:46,2
DA:48,0
DA:49,0
DA:53,2
DA:56,2
LF:34
LH:32
BRDA:9,0,0,1
BRDA:9,0,1,2
BRF:2
BRH:2
end_of_record
TN:
SF:src/utilities/messageQueue.js
FN:4,(anonymous_0)
FN:14,(anonymous_1)
FN:23,(anonymous_2)
FNF:3
FNH:0
FNDA:0,(anonymous_0)
FNDA:0,(anonymous_1)
FNDA:0,(anonymous_2)
DA:1,2
DA:2,2
DA:3,2
DA:4,2
DA:5,0
DA:6,0
DA:7,0
DA:9,0
DA:13,2
DA:15,0
DA:16,0
DA:17,0
DA:18,0
DA:20,0
DA:24,0
DA:25,0
DA:26,0
DA:27,0
DA:29,0
DA:34,2
LF:20
LH:6
BRF:0
BRH:0
end_of_record
TN:
SF:src/utilities/order.js
FN:7,(anonymous_0)
FN:25,(anonymous_1)
FN:32,(anonymous_2)
FN:42,(anonymous_3)
FN:50,(anonymous_4)
FN:59,(anonymous_5)
FN:65,(anonymous_6)
FNF:7
FNH:4
FNDA:3,(anonymous_0)
FNDA:1,(anonymous_1)
FNDA:1,(anonymous_2)
FNDA:3,(anonymous_3)
FNDA:0,(anonymous_4)
FNDA:0,(anonymous_5)
FNDA:0,(anonymous_6)
DA:1,3
DA:2,3
DA:3,3
DA:4,3
DA:5,3
DA:9,3
DA:10,3
DA:17,3
DA:18,3
DA:20,1
DA:21,1
DA:22,1
DA:26,1
DA:27,1
DA:33,1
DA:34,1
DA:35,1
DA:36,1
DA:41,3
DA:43,3
DA:44,3
DA:45,3
DA:47,1
DA:51,0
DA:58,3
DA:60,0
DA:64,3
DA:66,0
DA:67,0
DA:69,0
DA:74,3
LF:31
LH:26
BRF:0
BRH:0
end_of_record
TN:
SF:src/utilities/shipment.js
FN:5,(anonymous_0)
FN:8,(anonymous_1)
FN:19,(anonymous_2)
FN:26,(anonymous_3)
FNF:4
FNH:2
FNDA:0,(anonymous_0)
FNDA:0,(anonymous_1)
FNDA:2,(anonymous_2)
FNDA:2,(anonymous_3)
DA:1,4
DA:2,4
DA:3,4
DA:4,4
DA:7,0
DA:8,0
DA:9,0
DA:10,0
DA:11,0
DA:14,0
DA:18,4
DA:20,2
DA:21,2
DA:23,0
DA:27,2
DA:28,2
DA:30,0
DA:36,4
LF:18
LH:10
BRF:0
BRH:0
end_of_record
